<?xml version="1.0" encoding="UTF-8"?>
  <testsuite name="OCI Distribution Conformance Tests" tests="27" failures="0" errors="0" time="3.744">
      <testcase name="OCI Distribution Conformance Tests Pull Setup Populate registry with test blob" classname="OCI Distribution Conformance Tests" time="2.87036"></testcase>
      <testcase name="OCI Distribution Conformance Tests Pull Setup Populate registry with test layer" classname="OCI Distribution Conformance Tests" time="0.032515"></testcase>
      <testcase name="OCI Distribution Conformance Tests Pull Setup Populate registry with test manifest" classname="OCI Distribution Conformance Tests" time="0.045714"></testcase>
      <testcase name="OCI Distribution Conformance Tests Pull Setup Get the name of a tag" classname="OCI Distribution Conformance Tests" time="0.046676"></testcase>
      <testcase name="OCI Distribution Conformance Tests Pull Setup Get tag name from environment" classname="OCI Distribution Conformance Tests" time="0.002629">
          <skipped>/go/src/github.com/opencontainers/distribution-spec/conformance/01_pull_test.go:82&#xA;you have skipped this test.&#xA;/go/src/github.com/opencontainers/distribution-spec/conformance/setup.go:344</skipped>
      </testcase>
      <testcase name="OCI Distribution Conformance Tests Pull Pull blobs HEAD request to nonexistent blob should result in 404 response" classname="OCI Distribution Conformance Tests" time="0.025121"></testcase>
      <testcase name="OCI Distribution Conformance Tests Pull Pull blobs HEAD request to existing blob should yield 200" classname="OCI Distribution Conformance Tests" time="0.013665"></testcase>
      <testcase name="OCI Distribution Conformance Tests Pull Pull blobs GET nonexistent blob should result in 404 response" classname="OCI Distribution Conformance Tests" time="0.015584"></testcase>
      <testcase name="OCI Distribution Conformance Tests Pull Pull blobs GET request to existing blob URL should yield 200" classname="OCI Distribution Conformance Tests" time="0.017687"></testcase>
      <testcase name="OCI Distribution Conformance Tests Pull Pull manifests HEAD request to nonexistent manifest should return 404" classname="OCI Distribution Conformance Tests" time="0.011618"></testcase>
      <testcase name="OCI Distribution Conformance Tests Pull Pull manifests HEAD request to manifest path (digest) should yield 200 response" classname="OCI Distribution Conformance Tests" time="0.026677"></testcase>
      <testcase name="OCI Distribution Conformance Tests Pull Pull manifests HEAD request to manifest path (tag) should yield 200 response" classname="OCI Distribution Conformance Tests" time="0.016518"></testcase>
      <testcase name="OCI Distribution Conformance Tests Pull Pull manifests GET nonexistent manifest should return 404" classname="OCI Distribution Conformance Tests" time="0.012736"></testcase>
      <testcase name="OCI Distribution Conformance Tests Pull Pull manifests GET request to manifest path (digest) should yield 200 response" classname="OCI Distribution Conformance Tests" time="0.015597"></testcase>
      <testcase name="OCI Distribution Conformance Tests Pull Pull manifests GET request to manifest path (tag) should yield 200 response" classname="OCI Distribution Conformance Tests" time="0.031046"></testcase>
      <testcase name="OCI Distribution Conformance Tests Pull Error codes 400 response body should contain OCI-conforming JSON message" classname="OCI Distribution Conformance Tests" time="0.018149"></testcase>
      <testcase name="OCI Distribution Conformance Tests Pull Teardown Delete config blob created in setup" classname="OCI Distribution Conformance Tests" time="0.012099"></testcase>
      <testcase name="OCI Distribution Conformance Tests Pull Teardown Delete layer blob created in setup" classname="OCI Distribution Conformance Tests" time="0.014285"></testcase>
      <testcase name="OCI Distribution Conformance Tests Pull Teardown Delete manifest created in setup" classname="OCI Distribution Conformance Tests" time="0.031138"></testcase>
      <testcase name="OCI Distribution Conformance Tests Push Blob Upload Streamed PATCH request with blob in body should yield 202 response" classname="OCI Distribution Conformance Tests" time="0.001947">
          <skipped>/go/src/github.com/opencontainers/distribution-spec/conformance/02_push_test.go:22&#xA;you have skipped this test; if this is an error, check your environment variable settings:&#xA;&#x9;OCI_TEST_PUSH=0&#xA;&#x9;OCI_TEST_CONTENT_DISCOVERY=1&#xA;&#x9;OCI_TEST_CONTENT_MANAGEMENT=0&#xA;&#x9;OCI_TEST_PULL=1&#xA;&#xA;/go/src/github.com/opencontainers/distribution-spec/conformance/setup.go:332</skipped>
      </testcase>
      <testcase name="OCI Distribution Conformance Tests Push Blob Upload Streamed PUT request to session URL with digest should yield 201 response" classname="OCI Distribution Conformance Tests" time="0.001644">
          <skipped>/go/src/github.com/opencontainers/distribution-spec/conformance/02_push_test.go:39&#xA;you have skipped this test; if this is an error, check your environment variable settings:&#xA;&#x9;OCI_TEST_CONTENT_DISCOVERY=1&#xA;&#x9;OCI_TEST_CONTENT_MANAGEMENT=0&#xA;&#x9;OCI_TEST_PULL=1&#xA;&#x9;OCI_TEST_PUSH=0&#xA;&#xA;/go/src/github.com/opencontainers/distribution-spec/conformance/setup.go:332</skipped>
      </testcase>
      <testcase name="OCI Distribution Conformance Tests Push Blob Upload Monolithic GET nonexistent blob should result in 404 response" classname="OCI Distribution Conformance Tests" time="0.001652">
          <skipped>/go/src/github.com/opencontainers/distribution-spec/conformance/02_push_test.go:54&#xA;you have skipped this test; if this is an error, check your environment variable settings:&#xA;&#x9;OCI_TEST_PULL=1&#xA;&#x9;OCI_TEST_PUSH=0&#xA;&#x9;OCI_TEST_CONTENT_DISCOVERY=1&#xA;&#x9;OCI_TEST_CONTENT_MANAGEMENT=0&#xA;&#xA;/go/src/github.com/opencontainers/distribution-spec/conformance/setup.go:332</skipped>
      </testcase>
      <testcase name="OCI Distribution Conformance Tests Push Blob Upload Monolithic POST request with digest and blob should yield a 201 or 202" classname="OCI Distribution Conformance Tests" time="0.001632">
          <skipped>/go/src/github.com/opencontainers/distribution-spec/conformance/02_push_test.go:63&#xA;you have skipped this test; if this is an error, check your environment variable settings:&#xA;&#x9;OCI_TEST_PULL=1&#xA;&#x9;OCI_TEST_PUSH=0&#xA;&#x9;OCI_TEST_CONTENT_DISCOVERY=1&#xA;&#x9;OCI_TEST_CONTENT_MANAGEMENT=0&#xA;&#xA;/go/src/github.com/opencontainers/distribution-spec/conformance/setup.go:332</skipped>
      </testcase>
      <testcase name="OCI Distribution Conformance Tests Push Blob Upload Monolithic GET request to blob URL from prior request should yield 200 or 404 based on response code" classname="OCI Distribution Conformance Tests" time="0.00189">
          <skipped>/go/src/github.com/opencontainers/distribution-spec/conformance/02_push_test.go:81&#xA;you have skipped this test; if this is an error, check your environment variable settings:&#xA;&#x9;OCI_TEST_PULL=1&#xA;&#x9;OCI_TEST_PUSH=0&#xA;&#x9;OCI_TEST_CONTENT_DISCOVERY=1&#xA;&#x9;OCI_TEST_CONTENT_MANAGEMENT=0&#xA;&#xA;/go/src/github.com/opencontainers/distribution-spec/conformance/setup.go:332</skipped>
      </testcase>
      <testcase name="OCI Distribution Conformance Tests Push Blob Upload Monolithic POST request should yield a session ID" classname="OCI Distribution Conformance Tests" time="0.001783">
          <skipped>/go/src/github.com/opencontainers/distribution-spec/conformance/02_push_test.go:93&#xA;you have skipped this test; if this is an error, check your environment variable settings:&#xA;&#x9;OCI_TEST_PULL=1&#xA;&#x9;OCI_TEST_PUSH=0&#xA;&#x9;OCI_TEST_CONTENT_DISCOVERY=1&#xA;&#x9;OCI_TEST_CONTENT_MANAGEMENT=0&#xA;&#xA;/go/src/github.com/opencontainers/distribution-spec/conformance/setup.go:332</skipped>
      </testcase>
      <testcase name="OCI Distribution Conformance Tests Push Blob Upload Monolithic PUT upload of a blob should yield a 201 Response" classname="OCI Distribution Conformance Tests" time="0.001686">
          <skipped>/go/src/github.com/opencontainers/distribution-spec/conformance/02_push_test.go:102&#xA;you have skipped this test; if this is an error, check your environment variable settings:&#xA;&#x9;OCI_TEST_PULL=1&#xA;&#x9;OCI_TEST_PUSH=0&#xA;&#x9;OCI_TEST_CONTENT_DISCOVERY=1&#xA;&#x9;OCI_TEST_CONTENT_MANAGEMENT=0&#xA;&#xA;/go/src/github.com/opencontainers/distribution-spec/conformance/setup.go:332</skipped>
      </testcase>
      <testcase name="OCI Distribution Conformance Tests Push Blob Upload Monolithic GET request to existing blob should yield 200 response" classname="OCI Distribution Conformance Tests" time="0.001849">
          <skipped>/go/src/github.com/opencontainers/distribution-spec/conformance/02_push_test.go:116&#xA;you have skipped this test; if this is an error, check your environment variable settings:&#xA;&#x9;OCI_TEST_PUSH=0&#xA;&#x9;OCI_TEST_CONTENT_DISCOVERY=1&#xA;&#x9;OCI_TEST_CONTENT_MANAGEMENT=0&#xA;&#x9;OCI_TEST_PULL=1&#xA;&#xA;/go/src/github.com/opencontainers/distribution-spec/conformance/setup.go:332</skipped>
      </testcase>
      <testcase name="OCI Distribution Conformance Tests Push Blob Upload Monolithic PUT upload of a layer blob should yield a 201 Response" classname="OCI Distribution Conformance Tests" time="0.001594">
          <skipped>/go/src/github.com/opencontainers/distribution-spec/conformance/02_push_test.go:124&#xA;you have skipped this test; if this is an error, check your environment variable settings:&#xA;&#x9;OCI_TEST_CONTENT_MANAGEMENT=0&#xA;&#x9;OCI_TEST_PULL=1&#xA;&#x9;OCI_TEST_PUSH=0&#xA;&#x9;OCI_TEST_CONTENT_DISCOVERY=1&#xA;&#xA;/go/src/github.com/opencontainers/distribution-spec/conformance/setup.go:332</skipped>
      </testcase>
      <testcase name="OCI Distribution Conformance Tests Push Blob Upload Monolithic GET request to existing layer should yield 200 response" classname="OCI Distribution Conformance Tests" time="0.001509">
          <skipped>/go/src/github.com/opencontainers/distribution-spec/conformance/02_push_test.go:141&#xA;you have skipped this test; if this is an error, check your environment variable settings:&#xA;&#x9;OCI_TEST_CONTENT_DISCOVERY=1&#xA;&#x9;OCI_TEST_CONTENT_MANAGEMENT=0&#xA;&#x9;OCI_TEST_PULL=1&#xA;&#x9;OCI_TEST_PUSH=0&#xA;&#xA;/go/src/github.com/opencontainers/distribution-spec/conformance/setup.go:332</skipped>
      </testcase>
      <testcase name="OCI Distribution Conformance Tests Push Blob Upload Chunked Out-of-order blob upload should return 416" classname="OCI Distribution Conformance Tests" time="0.001752">
          <skipped>/go/src/github.com/opencontainers/distribution-spec/conformance/02_push_test.go:151&#xA;you have skipped this test; if this is an error, check your environment variable settings:&#xA;&#x9;OCI_TEST_CONTENT_MANAGEMENT=0&#xA;&#x9;OCI_TEST_PULL=1&#xA;&#x9;OCI_TEST_PUSH=0&#xA;&#x9;OCI_TEST_CONTENT_DISCOVERY=1&#xA;&#xA;/go/src/github.com/opencontainers/distribution-spec/conformance/setup.go:332</skipped>
      </testcase>
      <testcase name="OCI Distribution Conformance Tests Push Blob Upload Chunked PATCH request with first chunk should return 202" classname="OCI Distribution Conformance Tests" time="0.001696">
          <skipped>/go/src/github.com/opencontainers/distribution-spec/conformance/02_push_test.go:170&#xA;you have skipped this test; if this is an error, check your environment variable settings:&#xA;&#x9;OCI_TEST_PULL=1&#xA;&#x9;OCI_TEST_PUSH=0&#xA;&#x9;OCI_TEST_CONTENT_DISCOVERY=1&#xA;&#x9;OCI_TEST_CONTENT_MANAGEMENT=0&#xA;&#xA;/go/src/github.com/opencontainers/distribution-spec/conformance/setup.go:332</skipped>
      </testcase>
      <testcase name="OCI Distribution Conformance Tests Push Blob Upload Chunked PUT request with final chunk should return 201" classname="OCI Distribution Conformance Tests" time="0.001543">
          <skipped>/go/src/github.com/opencontainers/distribution-spec/conformance/02_push_test.go:190&#xA;you have skipped this test; if this is an error, check your environment variable settings:&#xA;&#x9;OCI_TEST_PULL=1&#xA;&#x9;OCI_TEST_PUSH=0&#xA;&#x9;OCI_TEST_CONTENT_DISCOVERY=1&#xA;&#x9;OCI_TEST_CONTENT_MANAGEMENT=0&#xA;&#xA;/go/src/github.com/opencontainers/distribution-spec/conformance/setup.go:332</skipped>
      </testcase>
      <testcase name="OCI Distribution Conformance Tests Push Cross-Repository Blob Mount POST request to mount another repository&#39;s blob should return 201 or 202" classname="OCI Distribution Conformance Tests" time="0.001571">
          <skipped>/go/src/github.com/opencontainers/distribution-spec/conformance/02_push_test.go:207&#xA;you have skipped this test; if this is an error, check your environment variable settings:&#xA;&#x9;OCI_TEST_PULL=1&#xA;&#x9;OCI_TEST_PUSH=0&#xA;&#x9;OCI_TEST_CONTENT_DISCOVERY=1&#xA;&#x9;OCI_TEST_CONTENT_MANAGEMENT=0&#xA;&#xA;/go/src/github.com/opencontainers/distribution-spec/conformance/setup.go:332</skipped>
      </testcase>
      <testcase name="OCI Distribution Conformance Tests Push Cross-Repository Blob Mount GET request to test digest within cross-mount namespace should return 200" classname="OCI Distribution Conformance Tests" time="0.001578">
          <skipped>/go/src/github.com/opencontainers/distribution-spec/conformance/02_push_test.go:224&#xA;you have skipped this test; if this is an error, check your environment variable settings:&#xA;&#x9;OCI_TEST_CONTENT_DISCOVERY=1&#xA;&#x9;OCI_TEST_CONTENT_MANAGEMENT=0&#xA;&#x9;OCI_TEST_PULL=1&#xA;&#x9;OCI_TEST_PUSH=0&#xA;&#xA;/go/src/github.com/opencontainers/distribution-spec/conformance/setup.go:332</skipped>
      </testcase>
      <testcase name="OCI Distribution Conformance Tests Push Cross-Repository Blob Mount Cross-mounting of nonexistent blob should yield session id" classname="OCI Distribution Conformance Tests" time="0.001585">
          <skipped>/go/src/github.com/opencontainers/distribution-spec/conformance/02_push_test.go:234&#xA;you have skipped this test; if this is an error, check your environment variable settings:&#xA;&#x9;OCI_TEST_CONTENT_MANAGEMENT=0&#xA;&#x9;OCI_TEST_PULL=1&#xA;&#x9;OCI_TEST_PUSH=0&#xA;&#x9;OCI_TEST_CONTENT_DISCOVERY=1&#xA;&#xA;/go/src/github.com/opencontainers/distribution-spec/conformance/setup.go:332</skipped>
      </testcase>
      <testcase name="OCI Distribution Conformance Tests Push Manifest Upload GET nonexistent manifest should return 404" classname="OCI Distribution Conformance Tests" time="0.001615">
          <skipped>/go/src/github.com/opencontainers/distribution-spec/conformance/02_push_test.go:244&#xA;you have skipped this test; if this is an error, check your environment variable settings:&#xA;&#x9;OCI_TEST_CONTENT_DISCOVERY=1&#xA;&#x9;OCI_TEST_CONTENT_MANAGEMENT=0&#xA;&#x9;OCI_TEST_PULL=1&#xA;&#x9;OCI_TEST_PUSH=0&#xA;&#xA;/go/src/github.com/opencontainers/distribution-spec/conformance/setup.go:332</skipped>
      </testcase>
      <testcase name="OCI Distribution Conformance Tests Push Manifest Upload PUT should accept a manifest upload" classname="OCI Distribution Conformance Tests" time="0.001685">
          <skipped>/go/src/github.com/opencontainers/distribution-spec/conformance/02_push_test.go:253&#xA;you have skipped this test; if this is an error, check your environment variable settings:&#xA;&#x9;OCI_TEST_PULL=1&#xA;&#x9;OCI_TEST_PUSH=0&#xA;&#x9;OCI_TEST_CONTENT_DISCOVERY=1&#xA;&#x9;OCI_TEST_CONTENT_MANAGEMENT=0&#xA;&#xA;/go/src/github.com/opencontainers/distribution-spec/conformance/setup.go:332</skipped>
      </testcase>
      <testcase name="OCI Distribution Conformance Tests Push Manifest Upload Registry should accept a manifest upload with no layers" classname="OCI Distribution Conformance Tests" time="0.001666">
          <skipped>/go/src/github.com/opencontainers/distribution-spec/conformance/02_push_test.go:269&#xA;you have skipped this test; if this is an error, check your environment variable settings:&#xA;&#x9;OCI_TEST_PULL=1&#xA;&#x9;OCI_TEST_PUSH=0&#xA;&#x9;OCI_TEST_CONTENT_DISCOVERY=1&#xA;&#x9;OCI_TEST_CONTENT_MANAGEMENT=0&#xA;&#xA;/go/src/github.com/opencontainers/distribution-spec/conformance/setup.go:332</skipped>
      </testcase>
      <testcase name="OCI Distribution Conformance Tests Push Manifest Upload GET request to manifest URL (digest) should yield 200 response" classname="OCI Distribution Conformance Tests" time="0.001724">
          <skipped>/go/src/github.com/opencontainers/distribution-spec/conformance/02_push_test.go:283&#xA;you have skipped this test; if this is an error, check your environment variable settings:&#xA;&#x9;OCI_TEST_PULL=1&#xA;&#x9;OCI_TEST_PUSH=0&#xA;&#x9;OCI_TEST_CONTENT_DISCOVERY=1&#xA;&#x9;OCI_TEST_CONTENT_MANAGEMENT=0&#xA;&#xA;/go/src/github.com/opencontainers/distribution-spec/conformance/setup.go:332</skipped>
      </testcase>
      <testcase name="OCI Distribution Conformance Tests Push Teardown Delete config blob created in tests" classname="OCI Distribution Conformance Tests" time="0.001662">
          <skipped>/go/src/github.com/opencontainers/distribution-spec/conformance/02_push_test.go:311&#xA;you have skipped this test; if this is an error, check your environment variable settings:&#xA;&#x9;OCI_TEST_PULL=1&#xA;&#x9;OCI_TEST_PUSH=0&#xA;&#x9;OCI_TEST_CONTENT_DISCOVERY=1&#xA;&#x9;OCI_TEST_CONTENT_MANAGEMENT=0&#xA;&#xA;/go/src/github.com/opencontainers/distribution-spec/conformance/setup.go:332</skipped>
      </testcase>
      <testcase name="OCI Distribution Conformance Tests Push Teardown Delete layer blob created in setup" classname="OCI Distribution Conformance Tests" time="0.001579">
          <skipped>/go/src/github.com/opencontainers/distribution-spec/conformance/02_push_test.go:326&#xA;you have skipped this test; if this is an error, check your environment variable settings:&#xA;&#x9;OCI_TEST_PULL=1&#xA;&#x9;OCI_TEST_PUSH=0&#xA;&#x9;OCI_TEST_CONTENT_DISCOVERY=1&#xA;&#x9;OCI_TEST_CONTENT_MANAGEMENT=0&#xA;&#xA;/go/src/github.com/opencontainers/distribution-spec/conformance/setup.go:332</skipped>
      </testcase>
      <testcase name="OCI Distribution Conformance Tests Push Teardown Delete manifest created in tests" classname="OCI Distribution Conformance Tests" time="0.001776">
          <skipped>/go/src/github.com/opencontainers/distribution-spec/conformance/02_push_test.go:342&#xA;you have skipped this test; if this is an error, check your environment variable settings:&#xA;&#x9;OCI_TEST_PULL=1&#xA;&#x9;OCI_TEST_PUSH=0&#xA;&#x9;OCI_TEST_CONTENT_DISCOVERY=1&#xA;&#x9;OCI_TEST_CONTENT_MANAGEMENT=0&#xA;&#xA;/go/src/github.com/opencontainers/distribution-spec/conformance/setup.go:332</skipped>
      </testcase>
      <testcase name="OCI Distribution Conformance Tests Content Discovery Setup Populate registry with test blob" classname="OCI Distribution Conformance Tests" time="0.042919"></testcase>
      <testcase name="OCI Distribution Conformance Tests Content Discovery Setup Populate registry with test layer" classname="OCI Distribution Conformance Tests" time="0.036448"></testcase>
      <testcase name="OCI Distribution Conformance Tests Content Discovery Setup Populate registry with test tags" classname="OCI Distribution Conformance Tests" time="0.175865"></testcase>
      <testcase name="OCI Distribution Conformance Tests Content Discovery Setup Populate registry with test tags (no push)" classname="OCI Distribution Conformance Tests" time="0.00172">
          <skipped>/go/src/github.com/opencontainers/distribution-spec/conformance/03_discovery_test.go:80&#xA;you have skipped this test.&#xA;/go/src/github.com/opencontainers/distribution-spec/conformance/setup.go:344</skipped>
      </testcase>
      <testcase name="OCI Distribution Conformance Tests Content Discovery Test content discovery endpoints GET request to list tags should yield 200 response" classname="OCI Distribution Conformance Tests" time="0.016091"></testcase>
      <testcase name="OCI Distribution Conformance Tests Content Discovery Test content discovery endpoints GET number of tags should be limitable by `n` query parameter" classname="OCI Distribution Conformance Tests" time="0.014853"></testcase>
      <testcase name="OCI Distribution Conformance Tests Content Discovery Test content discovery endpoints GET start of tag is set by `last` query parameter" classname="OCI Distribution Conformance Tests" time="0.028354"></testcase>
      <testcase name="OCI Distribution Conformance Tests Content Discovery Teardown Delete config blob created in tests" classname="OCI Distribution Conformance Tests" time="0.01246"></testcase>
      <testcase name="OCI Distribution Conformance Tests Content Discovery Teardown Delete layer blob created in setup" classname="OCI Distribution Conformance Tests" time="0.011944"></testcase>
      <testcase name="OCI Distribution Conformance Tests Content Discovery Teardown Delete created manifest &amp; associated tags" classname="OCI Distribution Conformance Tests" time="0.066459"></testcase>
      <testcase name="OCI Distribution Conformance Tests Content Management Setup Populate registry with test config blob" classname="OCI Distribution Conformance Tests" time="0.00161">
          <skipped>/go/src/github.com/opencontainers/distribution-spec/conformance/04_management_test.go:20&#xA;you have skipped this test; if this is an error, check your environment variable settings:&#xA;&#x9;OCI_TEST_PULL=1&#xA;&#x9;OCI_TEST_PUSH=0&#xA;&#x9;OCI_TEST_CONTENT_DISCOVERY=1&#xA;&#x9;OCI_TEST_CONTENT_MANAGEMENT=0&#xA;&#xA;/go/src/github.com/opencontainers/distribution-spec/conformance/setup.go:332</skipped>
      </testcase>
      <testcase name="OCI Distribution Conformance Tests Content Management Setup Populate registry with test layer" classname="OCI Distribution Conformance Tests" time="0.001558">
          <skipped>/go/src/github.com/opencontainers/distribution-spec/conformance/04_management_test.go:38&#xA;you have skipped this test; if this is an error, check your environment variable settings:&#xA;&#x9;OCI_TEST_CONTENT_DISCOVERY=1&#xA;&#x9;OCI_TEST_CONTENT_MANAGEMENT=0&#xA;&#x9;OCI_TEST_PULL=1&#xA;&#x9;OCI_TEST_PUSH=0&#xA;&#xA;/go/src/github.com/opencontainers/distribution-spec/conformance/setup.go:332</skipped>
      </testcase>
      <testcase name="OCI Distribution Conformance Tests Content Management Setup Populate registry with test tag" classname="OCI Distribution Conformance Tests" time="0.001555">
          <skipped>/go/src/github.com/opencontainers/distribution-spec/conformance/04_management_test.go:56&#xA;you have skipped this test; if this is an error, check your environment variable settings:&#xA;&#x9;OCI_TEST_CONTENT_DISCOVERY=1&#xA;&#x9;OCI_TEST_CONTENT_MANAGEMENT=0&#xA;&#x9;OCI_TEST_PULL=1&#xA;&#x9;OCI_TEST_PUSH=0&#xA;&#xA;/go/src/github.com/opencontainers/distribution-spec/conformance/setup.go:332</skipped>
      </testcase>
      <testcase name="OCI Distribution Conformance Tests Content Management Setup Check how many tags there are before anything gets deleted" classname="OCI Distribution Conformance Tests" time="0.00152">
          <skipped>/go/src/github.com/opencontainers/distribution-spec/conformance/04_management_test.go:71&#xA;you have skipped this test; if this is an error, check your environment variable settings:&#xA;&#x9;OCI_TEST_PUSH=0&#xA;&#x9;OCI_TEST_CONTENT_DISCOVERY=1&#xA;&#x9;OCI_TEST_CONTENT_MANAGEMENT=0&#xA;&#x9;OCI_TEST_PULL=1&#xA;&#xA;/go/src/github.com/opencontainers/distribution-spec/conformance/setup.go:332</skipped>
      </testcase>
      <testcase name="OCI Distribution Conformance Tests Content Management Manifest delete DELETE request to manifest tag should return 202, unless tag deletion is disallowed (400/405)" classname="OCI Distribution Conformance Tests" time="0.001739">
          <skipped>/go/src/github.com/opencontainers/distribution-spec/conformance/04_management_test.go:87&#xA;you have skipped this test; if this is an error, check your environment variable settings:&#xA;&#x9;OCI_TEST_PULL=1&#xA;&#x9;OCI_TEST_PUSH=0&#xA;&#x9;OCI_TEST_CONTENT_DISCOVERY=1&#xA;&#x9;OCI_TEST_CONTENT_MANAGEMENT=0&#xA;&#xA;/go/src/github.com/opencontainers/distribution-spec/conformance/setup.go:332</skipped>
      </testcase>
      <testcase name="OCI Distribution Conformance Tests Content Management Manifest delete DELETE request to manifest (digest) should yield 202 response unless already deleted" classname="OCI Distribution Conformance Tests" time="0.00176">
          <skipped>/go/src/github.com/opencontainers/distribution-spec/conformance/04_management_test.go:105&#xA;you have skipped this test; if this is an error, check your environment variable settings:&#xA;&#x9;OCI_TEST_PULL=1&#xA;&#x9;OCI_TEST_PUSH=0&#xA;&#x9;OCI_TEST_CONTENT_DISCOVERY=1&#xA;&#x9;OCI_TEST_CONTENT_MANAGEMENT=0&#xA;&#xA;/go/src/github.com/opencontainers/distribution-spec/conformance/setup.go:332</skipped>
      </testcase>
      <testcase name="OCI Distribution Conformance Tests Content Management Manifest delete GET request to deleted manifest URL should yield 404 response, unless delete is disallowed" classname="OCI Distribution Conformance Tests" time="0.002176">
          <skipped>/go/src/github.com/opencontainers/distribution-spec/conformance/04_management_test.go:117&#xA;you have skipped this test; if this is an error, check your environment variable settings:&#xA;&#x9;OCI_TEST_PULL=1&#xA;&#x9;OCI_TEST_PUSH=0&#xA;&#x9;OCI_TEST_CONTENT_DISCOVERY=1&#xA;&#x9;OCI_TEST_CONTENT_MANAGEMENT=0&#xA;&#xA;/go/src/github.com/opencontainers/distribution-spec/conformance/setup.go:332</skipped>
      </testcase>
      <testcase name="OCI Distribution Conformance Tests Content Management Manifest delete GET request to tags list should reflect manifest deletion" classname="OCI Distribution Conformance Tests" time="0.001674">
          <skipped>/go/src/github.com/opencontainers/distribution-spec/conformance/04_management_test.go:128&#xA;you have skipped this test; if this is an error, check your environment variable settings:&#xA;&#x9;OCI_TEST_PULL=1&#xA;&#x9;OCI_TEST_PUSH=0&#xA;&#x9;OCI_TEST_CONTENT_DISCOVERY=1&#xA;&#x9;OCI_TEST_CONTENT_MANAGEMENT=0&#xA;&#xA;/go/src/github.com/opencontainers/distribution-spec/conformance/setup.go:332</skipped>
      </testcase>
      <testcase name="OCI Distribution Conformance Tests Content Management Blob delete DELETE request to blob URL should yield 202 response" classname="OCI Distribution Conformance Tests" time="0.00157">
          <skipped>/go/src/github.com/opencontainers/distribution-spec/conformance/04_management_test.go:143&#xA;you have skipped this test; if this is an error, check your environment variable settings:&#xA;&#x9;OCI_TEST_PULL=1&#xA;&#x9;OCI_TEST_PUSH=0&#xA;&#x9;OCI_TEST_CONTENT_DISCOVERY=1&#xA;&#x9;OCI_TEST_CONTENT_MANAGEMENT=0&#xA;&#xA;/go/src/github.com/opencontainers/distribution-spec/conformance/setup.go:332</skipped>
      </testcase>
      <testcase name="OCI Distribution Conformance Tests Content Management Blob delete GET request to deleted blob URL should yield 404 response" classname="OCI Distribution Conformance Tests" time="0.001609">
          <skipped>/go/src/github.com/opencontainers/distribution-spec/conformance/04_management_test.go:159&#xA;you have skipped this test; if this is an error, check your environment variable settings:&#xA;&#x9;OCI_TEST_CONTENT_MANAGEMENT=0&#xA;&#x9;OCI_TEST_PULL=1&#xA;&#x9;OCI_TEST_PUSH=0&#xA;&#x9;OCI_TEST_CONTENT_DISCOVERY=1&#xA;&#xA;/go/src/github.com/opencontainers/distribution-spec/conformance/setup.go:332</skipped>
      </testcase>
  </testsuite>