<?xml version="1.0" encoding="UTF-8"?>
  <testsuite name="OCI Distribution Conformance Tests" tests="27" failures="0" errors="0" time="0.552">
      <testcase name="OCI Distribution Conformance Tests Pull Setup Populate registry with test blob" classname="OCI Distribution Conformance Tests" time="0.053731083"></testcase>
      <testcase name="OCI Distribution Conformance Tests Pull Setup Populate registry with test layer" classname="OCI Distribution Conformance Tests" time="0.02336775"></testcase>
      <testcase name="OCI Distribution Conformance Tests Pull Setup Populate registry with test manifest" classname="OCI Distribution Conformance Tests" time="0.02703775"></testcase>
      <testcase name="OCI Distribution Conformance Tests Pull Setup Get the name of a tag" classname="OCI Distribution Conformance Tests" time="0.034012458"></testcase>
      <testcase name="OCI Distribution Conformance Tests Pull Setup Get tag name from environment" classname="OCI Distribution Conformance Tests" time="0.000465333">
          <skipped>/Users/igorg/projects/distribution-spec/conformance/01_pull_test.go:87&#xA;you have skipped this test.&#xA;/Users/igorg/projects/distribution-spec/conformance/setup.go:353</skipped>
      </testcase>
      <testcase name="OCI Distribution Conformance Tests Pull Pull blobs HEAD request to nonexistent blob should result in 404 response" classname="OCI Distribution Conformance Tests" time="0.014496792"></testcase>
      <testcase name="OCI Distribution Conformance Tests Pull Pull blobs HEAD request to existing blob should yield 200" classname="OCI Distribution Conformance Tests" time="0.00584575"></testcase>
      <testcase name="OCI Distribution Conformance Tests Pull Pull blobs GET nonexistent blob should result in 404 response" classname="OCI Distribution Conformance Tests" time="0.0051235"></testcase>
      <testcase name="OCI Distribution Conformance Tests Pull Pull blobs GET request to existing blob URL should yield 200" classname="OCI Distribution Conformance Tests" time="0.00639725"></testcase>
      <testcase name="OCI Distribution Conformance Tests Pull Pull manifests HEAD request to nonexistent manifest should return 404" classname="OCI Distribution Conformance Tests" time="0.005197958"></testcase>
      <testcase name="OCI Distribution Conformance Tests Pull Pull manifests HEAD request to manifest path (digest) should yield 200 response" classname="OCI Distribution Conformance Tests" time="0.008629333"></testcase>
      <testcase name="OCI Distribution Conformance Tests Pull Pull manifests HEAD request to manifest path (tag) should yield 200 response" classname="OCI Distribution Conformance Tests" time="0.007679208"></testcase>
      <testcase name="OCI Distribution Conformance Tests Pull Pull manifests GET nonexistent manifest should return 404" classname="OCI Distribution Conformance Tests" time="0.006241375"></testcase>
      <testcase name="OCI Distribution Conformance Tests Pull Pull manifests GET request to manifest path (digest) should yield 200 response" classname="OCI Distribution Conformance Tests" time="0.010689792"></testcase>
      <testcase name="OCI Distribution Conformance Tests Pull Pull manifests GET request to manifest path (tag) should yield 200 response" classname="OCI Distribution Conformance Tests" time="0.019842875"></testcase>
      <testcase name="OCI Distribution Conformance Tests Pull Error codes 400 response body should contain OCI-conforming JSON message" classname="OCI Distribution Conformance Tests" time="0.008076333"></testcase>
      <testcase name="OCI Distribution Conformance Tests Pull Teardown Delete config blob created in setup" classname="OCI Distribution Conformance Tests" time="0.005010709"></testcase>
      <testcase name="OCI Distribution Conformance Tests Pull Teardown Delete layer blob created in setup" classname="OCI Distribution Conformance Tests" time="0.004816375"></testcase>
      <testcase name="OCI Distribution Conformance Tests Pull Teardown Delete manifest created in setup" classname="OCI Distribution Conformance Tests" time="0.031729125"></testcase>
      <testcase name="OCI Distribution Conformance Tests Push Blob Upload Streamed PATCH request with blob in body should yield 202 response" classname="OCI Distribution Conformance Tests" time="0.000527917">
          <skipped>/Users/igorg/projects/distribution-spec/conformance/02_push_test.go:22&#xA;you have skipped this test; if this is an error, check your environment variable settings:&#xA;&#x9;OCI_TEST_PULL=1&#xA;&#x9;OCI_TEST_PUSH=0&#xA;&#x9;OCI_TEST_CONTENT_DISCOVERY=1&#xA;&#x9;OCI_TEST_CONTENT_MANAGEMENT=0&#xA;&#xA;/Users/igorg/projects/distribution-spec/conformance/setup.go:341</skipped>
      </testcase>
      <testcase name="OCI Distribution Conformance Tests Push Blob Upload Streamed PUT request to session URL with digest should yield 201 response" classname="OCI Distribution Conformance Tests" time="0.000470875">
          <skipped>/Users/igorg/projects/distribution-spec/conformance/02_push_test.go:39&#xA;you have skipped this test; if this is an error, check your environment variable settings:&#xA;&#x9;OCI_TEST_PULL=1&#xA;&#x9;OCI_TEST_PUSH=0&#xA;&#x9;OCI_TEST_CONTENT_DISCOVERY=1&#xA;&#x9;OCI_TEST_CONTENT_MANAGEMENT=0&#xA;&#xA;/Users/igorg/projects/distribution-spec/conformance/setup.go:341</skipped>
      </testcase>
      <testcase name="OCI Distribution Conformance Tests Push Blob Upload Monolithic GET nonexistent blob should result in 404 response" classname="OCI Distribution Conformance Tests" time="0.0003645">
          <skipped>/Users/igorg/projects/distribution-spec/conformance/02_push_test.go:54&#xA;you have skipped this test; if this is an error, check your environment variable settings:&#xA;&#x9;OCI_TEST_CONTENT_MANAGEMENT=0&#xA;&#x9;OCI_TEST_PULL=1&#xA;&#x9;OCI_TEST_PUSH=0&#xA;&#x9;OCI_TEST_CONTENT_DISCOVERY=1&#xA;&#xA;/Users/igorg/projects/distribution-spec/conformance/setup.go:341</skipped>
      </testcase>
      <testcase name="OCI Distribution Conformance Tests Push Blob Upload Monolithic POST request with digest and blob should yield a 201 or 202" classname="OCI Distribution Conformance Tests" time="0.00110925">
          <skipped>/Users/igorg/projects/distribution-spec/conformance/02_push_test.go:63&#xA;you have skipped this test; if this is an error, check your environment variable settings:&#xA;&#x9;OCI_TEST_CONTENT_MANAGEMENT=0&#xA;&#x9;OCI_TEST_PULL=1&#xA;&#x9;OCI_TEST_PUSH=0&#xA;&#x9;OCI_TEST_CONTENT_DISCOVERY=1&#xA;&#xA;/Users/igorg/projects/distribution-spec/conformance/setup.go:341</skipped>
      </testcase>
      <testcase name="OCI Distribution Conformance Tests Push Blob Upload Monolithic GET request to blob URL from prior request should yield 200 or 404 based on response code" classname="OCI Distribution Conformance Tests" time="0.000462292">
          <skipped>/Users/igorg/projects/distribution-spec/conformance/02_push_test.go:81&#xA;you have skipped this test; if this is an error, check your environment variable settings:&#xA;&#x9;OCI_TEST_PULL=1&#xA;&#x9;OCI_TEST_PUSH=0&#xA;&#x9;OCI_TEST_CONTENT_DISCOVERY=1&#xA;&#x9;OCI_TEST_CONTENT_MANAGEMENT=0&#xA;&#xA;/Users/igorg/projects/distribution-spec/conformance/setup.go:341</skipped>
      </testcase>
      <testcase name="OCI Distribution Conformance Tests Push Blob Upload Monolithic POST request should yield a session ID" classname="OCI Distribution Conformance Tests" time="0.00044575">
          <skipped>/Users/igorg/projects/distribution-spec/conformance/02_push_test.go:93&#xA;you have skipped this test; if this is an error, check your environment variable settings:&#xA;&#x9;OCI_TEST_CONTENT_MANAGEMENT=0&#xA;&#x9;OCI_TEST_PULL=1&#xA;&#x9;OCI_TEST_PUSH=0&#xA;&#x9;OCI_TEST_CONTENT_DISCOVERY=1&#xA;&#xA;/Users/igorg/projects/distribution-spec/conformance/setup.go:341</skipped>
      </testcase>
      <testcase name="OCI Distribution Conformance Tests Push Blob Upload Monolithic PUT upload of a blob should yield a 201 Response" classname="OCI Distribution Conformance Tests" time="0.000194208">
          <skipped>/Users/igorg/projects/distribution-spec/conformance/02_push_test.go:102&#xA;you have skipped this test; if this is an error, check your environment variable settings:&#xA;&#x9;OCI_TEST_CONTENT_DISCOVERY=1&#xA;&#x9;OCI_TEST_CONTENT_MANAGEMENT=0&#xA;&#x9;OCI_TEST_PULL=1&#xA;&#x9;OCI_TEST_PUSH=0&#xA;&#xA;/Users/igorg/projects/distribution-spec/conformance/setup.go:341</skipped>
      </testcase>
      <testcase name="OCI Distribution Conformance Tests Push Blob Upload Monolithic GET request to existing blob should yield 200 response" classname="OCI Distribution Conformance Tests" time="0.000105125">
          <skipped>/Users/igorg/projects/distribution-spec/conformance/02_push_test.go:116&#xA;you have skipped this test; if this is an error, check your environment variable settings:&#xA;&#x9;OCI_TEST_PULL=1&#xA;&#x9;OCI_TEST_PUSH=0&#xA;&#x9;OCI_TEST_CONTENT_DISCOVERY=1&#xA;&#x9;OCI_TEST_CONTENT_MANAGEMENT=0&#xA;&#xA;/Users/igorg/projects/distribution-spec/conformance/setup.go:341</skipped>
      </testcase>
      <testcase name="OCI Distribution Conformance Tests Push Blob Upload Monolithic PUT upload of a layer blob should yield a 201 Response" classname="OCI Distribution Conformance Tests" time="0.000100666">
          <skipped>/Users/igorg/projects/distribution-spec/conformance/02_push_test.go:124&#xA;you have skipped this test; if this is an error, check your environment variable settings:&#xA;&#x9;OCI_TEST_PULL=1&#xA;&#x9;OCI_TEST_PUSH=0&#xA;&#x9;OCI_TEST_CONTENT_DISCOVERY=1&#xA;&#x9;OCI_TEST_CONTENT_MANAGEMENT=0&#xA;&#xA;/Users/igorg/projects/distribution-spec/conformance/setup.go:341</skipped>
      </testcase>
      <testcase name="OCI Distribution Conformance Tests Push Blob Upload Monolithic GET request to existing layer should yield 200 response" classname="OCI Distribution Conformance Tests" time="0.00010275">
          <skipped>/Users/igorg/projects/distribution-spec/conformance/02_push_test.go:141&#xA;you have skipped this test; if this is an error, check your environment variable settings:&#xA;&#x9;OCI_TEST_CONTENT_MANAGEMENT=0&#xA;&#x9;OCI_TEST_PULL=1&#xA;&#x9;OCI_TEST_PUSH=0&#xA;&#x9;OCI_TEST_CONTENT_DISCOVERY=1&#xA;&#xA;/Users/igorg/projects/distribution-spec/conformance/setup.go:341</skipped>
      </testcase>
      <testcase name="OCI Distribution Conformance Tests Push Blob Upload Chunked Out-of-order blob upload should return 416" classname="OCI Distribution Conformance Tests" time="9.675e-05">
          <skipped>/Users/igorg/projects/distribution-spec/conformance/02_push_test.go:151&#xA;you have skipped this test; if this is an error, check your environment variable settings:&#xA;&#x9;OCI_TEST_PULL=1&#xA;&#x9;OCI_TEST_PUSH=0&#xA;&#x9;OCI_TEST_CONTENT_DISCOVERY=1&#xA;&#x9;OCI_TEST_CONTENT_MANAGEMENT=0&#xA;&#xA;/Users/igorg/projects/distribution-spec/conformance/setup.go:341</skipped>
      </testcase>
      <testcase name="OCI Distribution Conformance Tests Push Blob Upload Chunked PATCH request with first chunk should return 202" classname="OCI Distribution Conformance Tests" time="9.525e-05">
          <skipped>/Users/igorg/projects/distribution-spec/conformance/02_push_test.go:170&#xA;you have skipped this test; if this is an error, check your environment variable settings:&#xA;&#x9;OCI_TEST_PULL=1&#xA;&#x9;OCI_TEST_PUSH=0&#xA;&#x9;OCI_TEST_CONTENT_DISCOVERY=1&#xA;&#x9;OCI_TEST_CONTENT_MANAGEMENT=0&#xA;&#xA;/Users/igorg/projects/distribution-spec/conformance/setup.go:341</skipped>
      </testcase>
      <testcase name="OCI Distribution Conformance Tests Push Blob Upload Chunked PUT request with final chunk should return 201" classname="OCI Distribution Conformance Tests" time="0.00010275">
          <skipped>/Users/igorg/projects/distribution-spec/conformance/02_push_test.go:190&#xA;you have skipped this test; if this is an error, check your environment variable settings:&#xA;&#x9;OCI_TEST_CONTENT_DISCOVERY=1&#xA;&#x9;OCI_TEST_CONTENT_MANAGEMENT=0&#xA;&#x9;OCI_TEST_PULL=1&#xA;&#x9;OCI_TEST_PUSH=0&#xA;&#xA;/Users/igorg/projects/distribution-spec/conformance/setup.go:341</skipped>
      </testcase>
      <testcase name="OCI Distribution Conformance Tests Push Cross-Repository Blob Mount Cross-mounting of a blob without the from argument should yield session id" classname="OCI Distribution Conformance Tests" time="9.3167e-05">
          <skipped>/Users/igorg/projects/distribution-spec/conformance/02_push_test.go:207&#xA;you have skipped this test; if this is an error, check your environment variable settings:&#xA;&#x9;OCI_TEST_PULL=1&#xA;&#x9;OCI_TEST_PUSH=0&#xA;&#x9;OCI_TEST_CONTENT_DISCOVERY=1&#xA;&#x9;OCI_TEST_CONTENT_MANAGEMENT=0&#xA;&#xA;/Users/igorg/projects/distribution-spec/conformance/setup.go:341</skipped>
      </testcase>
      <testcase name="OCI Distribution Conformance Tests Push Cross-Repository Blob Mount POST request to mount another repository&#39;s blob should return 201 or 202" classname="OCI Distribution Conformance Tests" time="9.4458e-05">
          <skipped>/Users/igorg/projects/distribution-spec/conformance/02_push_test.go:218&#xA;you have skipped this test; if this is an error, check your environment variable settings:&#xA;&#x9;OCI_TEST_CONTENT_DISCOVERY=1&#xA;&#x9;OCI_TEST_CONTENT_MANAGEMENT=0&#xA;&#x9;OCI_TEST_PULL=1&#xA;&#x9;OCI_TEST_PUSH=0&#xA;&#xA;/Users/igorg/projects/distribution-spec/conformance/setup.go:341</skipped>
      </testcase>
      <testcase name="OCI Distribution Conformance Tests Push Cross-Repository Blob Mount GET request to test digest within cross-mount namespace should return 200" classname="OCI Distribution Conformance Tests" time="9.7541e-05">
          <skipped>/Users/igorg/projects/distribution-spec/conformance/02_push_test.go:235&#xA;you have skipped this test; if this is an error, check your environment variable settings:&#xA;&#x9;OCI_TEST_PULL=1&#xA;&#x9;OCI_TEST_PUSH=0&#xA;&#x9;OCI_TEST_CONTENT_DISCOVERY=1&#xA;&#x9;OCI_TEST_CONTENT_MANAGEMENT=0&#xA;&#xA;/Users/igorg/projects/distribution-spec/conformance/setup.go:341</skipped>
      </testcase>
      <testcase name="OCI Distribution Conformance Tests Push Cross-Repository Blob Mount Cross-mounting of nonexistent blob should yield session id" classname="OCI Distribution Conformance Tests" time="9.2416e-05">
          <skipped>/Users/igorg/projects/distribution-spec/conformance/02_push_test.go:245&#xA;you have skipped this test; if this is an error, check your environment variable settings:&#xA;&#x9;OCI_TEST_PULL=1&#xA;&#x9;OCI_TEST_PUSH=0&#xA;&#x9;OCI_TEST_CONTENT_DISCOVERY=1&#xA;&#x9;OCI_TEST_CONTENT_MANAGEMENT=0&#xA;&#xA;/Users/igorg/projects/distribution-spec/conformance/setup.go:341</skipped>
      </testcase>
      <testcase name="OCI Distribution Conformance Tests Push Cross-Repository Blob Mount Cross-mounting without from, and automatic content discovery enabled should return a 201" classname="OCI Distribution Conformance Tests" time="9.3792e-05">
          <skipped>/Users/igorg/projects/distribution-spec/conformance/02_push_test.go:253&#xA;you have skipped this test; if this is an error, check your environment variable settings:&#xA;&#x9;OCI_TEST_PULL=1&#xA;&#x9;OCI_TEST_PUSH=0&#xA;&#x9;OCI_TEST_CONTENT_DISCOVERY=1&#xA;&#x9;OCI_TEST_CONTENT_MANAGEMENT=0&#xA;&#xA;/Users/igorg/projects/distribution-spec/conformance/setup.go:341</skipped>
      </testcase>
      <testcase name="OCI Distribution Conformance Tests Push Cross-Repository Blob Mount Cross-mounting without from, and automatic content discovery disabled should return a 202" classname="OCI Distribution Conformance Tests" time="9.1333e-05">
          <skipped>/Users/igorg/projects/distribution-spec/conformance/02_push_test.go:267&#xA;you have skipped this test; if this is an error, check your environment variable settings:&#xA;&#x9;OCI_TEST_PULL=1&#xA;&#x9;OCI_TEST_PUSH=0&#xA;&#x9;OCI_TEST_CONTENT_DISCOVERY=1&#xA;&#x9;OCI_TEST_CONTENT_MANAGEMENT=0&#xA;&#xA;/Users/igorg/projects/distribution-spec/conformance/setup.go:341</skipped>
      </testcase>
      <testcase name="OCI Distribution Conformance Tests Push Manifest Upload GET nonexistent manifest should return 404" classname="OCI Distribution Conformance Tests" time="9.125e-05">
          <skipped>/Users/igorg/projects/distribution-spec/conformance/02_push_test.go:283&#xA;you have skipped this test; if this is an error, check your environment variable settings:&#xA;&#x9;OCI_TEST_PULL=1&#xA;&#x9;OCI_TEST_PUSH=0&#xA;&#x9;OCI_TEST_CONTENT_DISCOVERY=1&#xA;&#x9;OCI_TEST_CONTENT_MANAGEMENT=0&#xA;&#xA;/Users/igorg/projects/distribution-spec/conformance/setup.go:341</skipped>
      </testcase>
      <testcase name="OCI Distribution Conformance Tests Push Manifest Upload PUT should accept a manifest upload" classname="OCI Distribution Conformance Tests" time="9.0667e-05">
          <skipped>/Users/igorg/projects/distribution-spec/conformance/02_push_test.go:292&#xA;you have skipped this test; if this is an error, check your environment variable settings:&#xA;&#x9;OCI_TEST_PULL=1&#xA;&#x9;OCI_TEST_PUSH=0&#xA;&#x9;OCI_TEST_CONTENT_DISCOVERY=1&#xA;&#x9;OCI_TEST_CONTENT_MANAGEMENT=0&#xA;&#xA;/Users/igorg/projects/distribution-spec/conformance/setup.go:341</skipped>
      </testcase>
      <testcase name="OCI Distribution Conformance Tests Push Manifest Upload Registry should accept a manifest upload with no layers" classname="OCI Distribution Conformance Tests" time="9.2542e-05">
          <skipped>/Users/igorg/projects/distribution-spec/conformance/02_push_test.go:308&#xA;you have skipped this test; if this is an error, check your environment variable settings:&#xA;&#x9;OCI_TEST_PULL=1&#xA;&#x9;OCI_TEST_PUSH=0&#xA;&#x9;OCI_TEST_CONTENT_DISCOVERY=1&#xA;&#x9;OCI_TEST_CONTENT_MANAGEMENT=0&#xA;&#xA;/Users/igorg/projects/distribution-spec/conformance/setup.go:341</skipped>
      </testcase>
      <testcase name="OCI Distribution Conformance Tests Push Manifest Upload GET request to manifest URL (digest) should yield 200 response" classname="OCI Distribution Conformance Tests" time="9.2875e-05">
          <skipped>/Users/igorg/projects/distribution-spec/conformance/02_push_test.go:322&#xA;you have skipped this test; if this is an error, check your environment variable settings:&#xA;&#x9;OCI_TEST_CONTENT_DISCOVERY=1&#xA;&#x9;OCI_TEST_CONTENT_MANAGEMENT=0&#xA;&#x9;OCI_TEST_PULL=1&#xA;&#x9;OCI_TEST_PUSH=0&#xA;&#xA;/Users/igorg/projects/distribution-spec/conformance/setup.go:341</skipped>
      </testcase>
      <testcase name="OCI Distribution Conformance Tests Push Teardown Delete config blob created in tests" classname="OCI Distribution Conformance Tests" time="9.0833e-05">
          <skipped>/Users/igorg/projects/distribution-spec/conformance/02_push_test.go:350&#xA;you have skipped this test; if this is an error, check your environment variable settings:&#xA;&#x9;OCI_TEST_CONTENT_MANAGEMENT=0&#xA;&#x9;OCI_TEST_PULL=1&#xA;&#x9;OCI_TEST_PUSH=0&#xA;&#x9;OCI_TEST_CONTENT_DISCOVERY=1&#xA;&#xA;/Users/igorg/projects/distribution-spec/conformance/setup.go:341</skipped>
      </testcase>
      <testcase name="OCI Distribution Conformance Tests Push Teardown Delete layer blob created in setup" classname="OCI Distribution Conformance Tests" time="9.225e-05">
          <skipped>/Users/igorg/projects/distribution-spec/conformance/02_push_test.go:365&#xA;you have skipped this test; if this is an error, check your environment variable settings:&#xA;&#x9;OCI_TEST_PULL=1&#xA;&#x9;OCI_TEST_PUSH=0&#xA;&#x9;OCI_TEST_CONTENT_DISCOVERY=1&#xA;&#x9;OCI_TEST_CONTENT_MANAGEMENT=0&#xA;&#xA;/Users/igorg/projects/distribution-spec/conformance/setup.go:341</skipped>
      </testcase>
      <testcase name="OCI Distribution Conformance Tests Push Teardown Delete manifest created in tests" classname="OCI Distribution Conformance Tests" time="9.3708e-05">
          <skipped>/Users/igorg/projects/distribution-spec/conformance/02_push_test.go:381&#xA;you have skipped this test; if this is an error, check your environment variable settings:&#xA;&#x9;OCI_TEST_PULL=1&#xA;&#x9;OCI_TEST_PUSH=0&#xA;&#x9;OCI_TEST_CONTENT_DISCOVERY=1&#xA;&#x9;OCI_TEST_CONTENT_MANAGEMENT=0&#xA;&#xA;/Users/igorg/projects/distribution-spec/conformance/setup.go:341</skipped>
      </testcase>
      <testcase name="OCI Distribution Conformance Tests Content Discovery Setup Populate registry with test blob" classname="OCI Distribution Conformance Tests" time="0.022393292"></testcase>
      <testcase name="OCI Distribution Conformance Tests Content Discovery Setup Populate registry with test layer" classname="OCI Distribution Conformance Tests" time="0.022835542"></testcase>
      <testcase name="OCI Distribution Conformance Tests Content Discovery Setup Populate registry with test tags" classname="OCI Distribution Conformance Tests" time="0.116570708"></testcase>
      <testcase name="OCI Distribution Conformance Tests Content Discovery Setup Populate registry with test tags (no push)" classname="OCI Distribution Conformance Tests" time="0.00038075">
          <skipped>/Users/igorg/projects/distribution-spec/conformance/03_discovery_test.go:80&#xA;you have skipped this test.&#xA;/Users/igorg/projects/distribution-spec/conformance/setup.go:353</skipped>
      </testcase>
      <testcase name="OCI Distribution Conformance Tests Content Discovery Test content discovery endpoints GET request to list tags should yield 200 response" classname="OCI Distribution Conformance Tests" time="0.007962709"></testcase>
      <testcase name="OCI Distribution Conformance Tests Content Discovery Test content discovery endpoints GET number of tags should be limitable by `n` query parameter" classname="OCI Distribution Conformance Tests" time="0.008276458"></testcase>
      <testcase name="OCI Distribution Conformance Tests Content Discovery Test content discovery endpoints GET start of tag is set by `last` query parameter" classname="OCI Distribution Conformance Tests" time="0.028200083"></testcase>
      <testcase name="OCI Distribution Conformance Tests Content Discovery Teardown Delete config blob created in tests" classname="OCI Distribution Conformance Tests" time="0.006185209"></testcase>
      <testcase name="OCI Distribution Conformance Tests Content Discovery Teardown Delete layer blob created in setup" classname="OCI Distribution Conformance Tests" time="0.004824666"></testcase>
      <testcase name="OCI Distribution Conformance Tests Content Discovery Teardown Delete created manifest &amp; associated tags" classname="OCI Distribution Conformance Tests" time="0.04230675"></testcase>
      <testcase name="OCI Distribution Conformance Tests Content Management Setup Populate registry with test config blob" classname="OCI Distribution Conformance Tests" time="0.000930667">
          <skipped>/Users/igorg/projects/distribution-spec/conformance/04_management_test.go:20&#xA;you have skipped this test; if this is an error, check your environment variable settings:&#xA;&#x9;OCI_TEST_CONTENT_DISCOVERY=1&#xA;&#x9;OCI_TEST_CONTENT_MANAGEMENT=0&#xA;&#x9;OCI_TEST_PULL=1&#xA;&#x9;OCI_TEST_PUSH=0&#xA;&#xA;/Users/igorg/projects/distribution-spec/conformance/setup.go:341</skipped>
      </testcase>
      <testcase name="OCI Distribution Conformance Tests Content Management Setup Populate registry with test layer" classname="OCI Distribution Conformance Tests" time="0.000625833">
          <skipped>/Users/igorg/projects/distribution-spec/conformance/04_management_test.go:38&#xA;you have skipped this test; if this is an error, check your environment variable settings:&#xA;&#x9;OCI_TEST_PULL=1&#xA;&#x9;OCI_TEST_PUSH=0&#xA;&#x9;OCI_TEST_CONTENT_DISCOVERY=1&#xA;&#x9;OCI_TEST_CONTENT_MANAGEMENT=0&#xA;&#xA;/Users/igorg/projects/distribution-spec/conformance/setup.go:341</skipped>
      </testcase>
      <testcase name="OCI Distribution Conformance Tests Content Management Setup Populate registry with test tag" classname="OCI Distribution Conformance Tests" time="0.000346542">
          <skipped>/Users/igorg/projects/distribution-spec/conformance/04_management_test.go:56&#xA;you have skipped this test; if this is an error, check your environment variable settings:&#xA;&#x9;OCI_TEST_CONTENT_DISCOVERY=1&#xA;&#x9;OCI_TEST_CONTENT_MANAGEMENT=0&#xA;&#x9;OCI_TEST_PULL=1&#xA;&#x9;OCI_TEST_PUSH=0&#xA;&#xA;/Users/igorg/projects/distribution-spec/conformance/setup.go:341</skipped>
      </testcase>
      <testcase name="OCI Distribution Conformance Tests Content Management Setup Check how many tags there are before anything gets deleted" classname="OCI Distribution Conformance Tests" time="0.000342417">
          <skipped>/Users/igorg/projects/distribution-spec/conformance/04_management_test.go:71&#xA;you have skipped this test; if this is an error, check your environment variable settings:&#xA;&#x9;OCI_TEST_PULL=1&#xA;&#x9;OCI_TEST_PUSH=0&#xA;&#x9;OCI_TEST_CONTENT_DISCOVERY=1&#xA;&#x9;OCI_TEST_CONTENT_MANAGEMENT=0&#xA;&#xA;/Users/igorg/projects/distribution-spec/conformance/setup.go:341</skipped>
      </testcase>
      <testcase name="OCI Distribution Conformance Tests Content Management Manifest delete DELETE request to manifest tag should return 202, unless tag deletion is disallowed (400/405)" classname="OCI Distribution Conformance Tests" time="0.000340209">
          <skipped>/Users/igorg/projects/distribution-spec/conformance/04_management_test.go:87&#xA;you have skipped this test; if this is an error, check your environment variable settings:&#xA;&#x9;OCI_TEST_PULL=1&#xA;&#x9;OCI_TEST_PUSH=0&#xA;&#x9;OCI_TEST_CONTENT_DISCOVERY=1&#xA;&#x9;OCI_TEST_CONTENT_MANAGEMENT=0&#xA;&#xA;/Users/igorg/projects/distribution-spec/conformance/setup.go:341</skipped>
      </testcase>
      <testcase name="OCI Distribution Conformance Tests Content Management Manifest delete DELETE request to manifest (digest) should yield 202 response unless already deleted" classname="OCI Distribution Conformance Tests" time="0.000368667">
          <skipped>/Users/igorg/projects/distribution-spec/conformance/04_management_test.go:105&#xA;you have skipped this test; if this is an error, check your environment variable settings:&#xA;&#x9;OCI_TEST_CONTENT_MANAGEMENT=0&#xA;&#x9;OCI_TEST_PULL=1&#xA;&#x9;OCI_TEST_PUSH=0&#xA;&#x9;OCI_TEST_CONTENT_DISCOVERY=1&#xA;&#xA;/Users/igorg/projects/distribution-spec/conformance/setup.go:341</skipped>
      </testcase>
      <testcase name="OCI Distribution Conformance Tests Content Management Manifest delete GET request to deleted manifest URL should yield 404 response, unless delete is disallowed" classname="OCI Distribution Conformance Tests" time="0.000271583">
          <skipped>/Users/igorg/projects/distribution-spec/conformance/04_management_test.go:117&#xA;you have skipped this test; if this is an error, check your environment variable settings:&#xA;&#x9;OCI_TEST_CONTENT_DISCOVERY=1&#xA;&#x9;OCI_TEST_CONTENT_MANAGEMENT=0&#xA;&#x9;OCI_TEST_PULL=1&#xA;&#x9;OCI_TEST_PUSH=0&#xA;&#xA;/Users/igorg/projects/distribution-spec/conformance/setup.go:341</skipped>
      </testcase>
      <testcase name="OCI Distribution Conformance Tests Content Management Manifest delete GET request to tags list should reflect manifest deletion" classname="OCI Distribution Conformance Tests" time="0.000106292">
          <skipped>/Users/igorg/projects/distribution-spec/conformance/04_management_test.go:128&#xA;you have skipped this test; if this is an error, check your environment variable settings:&#xA;&#x9;OCI_TEST_CONTENT_DISCOVERY=1&#xA;&#x9;OCI_TEST_CONTENT_MANAGEMENT=0&#xA;&#x9;OCI_TEST_PULL=1&#xA;&#x9;OCI_TEST_PUSH=0&#xA;&#xA;/Users/igorg/projects/distribution-spec/conformance/setup.go:341</skipped>
      </testcase>
      <testcase name="OCI Distribution Conformance Tests Content Management Blob delete DELETE request to blob URL should yield 202 response" classname="OCI Distribution Conformance Tests" time="0.000100792">
          <skipped>/Users/igorg/projects/distribution-spec/conformance/04_management_test.go:143&#xA;you have skipped this test; if this is an error, check your environment variable settings:&#xA;&#x9;OCI_TEST_CONTENT_DISCOVERY=1&#xA;&#x9;OCI_TEST_CONTENT_MANAGEMENT=0&#xA;&#x9;OCI_TEST_PULL=1&#xA;&#x9;OCI_TEST_PUSH=0&#xA;&#xA;/Users/igorg/projects/distribution-spec/conformance/setup.go:341</skipped>
      </testcase>
      <testcase name="OCI Distribution Conformance Tests Content Management Blob delete GET request to deleted blob URL should yield 404 response" classname="OCI Distribution Conformance Tests" time="0.000104416">
          <skipped>/Users/igorg/projects/distribution-spec/conformance/04_management_test.go:159&#xA;you have skipped this test; if this is an error, check your environment variable settings:&#xA;&#x9;OCI_TEST_PULL=1&#xA;&#x9;OCI_TEST_PUSH=0&#xA;&#x9;OCI_TEST_CONTENT_DISCOVERY=1&#xA;&#x9;OCI_TEST_CONTENT_MANAGEMENT=0&#xA;&#xA;/Users/igorg/projects/distribution-spec/conformance/setup.go:341</skipped>
      </testcase>
  </testsuite>