<?xml version="1.0" encoding="UTF-8"?>
  <testsuites tests="80" disabled="5" errors="0" failures="0" time="15.122601024">
      <testsuite name="conformance tests" package="/home/runner/work/oci-conformance-workflows/oci-conformance-workflows" tests="80" disabled="0" skipped="5" errors="0" failures="0" time="15.122601024" timestamp="2024-06-26T15:05:06">
          <properties>
              <property name="SuiteSucceeded" value="true"></property>
              <property name="SuiteHasProgrammaticFocus" value="false"></property>
              <property name="SpecialSuiteFailureReason" value=""></property>
              <property name="SuiteLabels" value="[]"></property>
              <property name="RandomSeed" value="1719414306"></property>
              <property name="RandomizeAllSpecs" value="false"></property>
              <property name="LabelFilter" value=""></property>
              <property name="FocusStrings" value=""></property>
              <property name="SkipStrings" value=""></property>
              <property name="FocusFiles" value=""></property>
              <property name="SkipFiles" value=""></property>
              <property name="FailOnPending" value="false"></property>
              <property name="FailFast" value="false"></property>
              <property name="FlakeAttempts" value="0"></property>
              <property name="DryRun" value="false"></property>
              <property name="ParallelTotal" value="1"></property>
              <property name="OutputInterceptorMode" value=""></property>
          </properties>
          <testcase name="OCI Distribution Conformance Tests Pull Setup Populate registry with test blob" classname="conformance tests" status="passed" time="0.332065063">
              <system-err>&gt; Enter [It] Populate registry with test blob - /home/runner/work/_actions/opencontainers/distribution-spec/main/conformance/01_pull_test.go:18 @ 06/26/24 15:05:06.409&#xA;&lt; Exit [It] Populate registry with test blob - /home/runner/work/_actions/opencontainers/distribution-spec/main/conformance/01_pull_test.go:18 @ 06/26/24 15:05:06.741 (332ms)&#xA;&gt; Enter [ReportAfterEach] TOP-LEVEL - /home/runner/work/_actions/opencontainers/distribution-spec/main/conformance/00_conformance_suite_test.go:23 @ 06/26/24 15:05:06.742&#xA;&lt; Exit [ReportAfterEach] TOP-LEVEL - /home/runner/work/_actions/opencontainers/distribution-spec/main/conformance/00_conformance_suite_test.go:23 @ 06/26/24 15:05:06.742 (0s)&#xA;</system-err>
          </testcase>
          <testcase name="OCI Distribution Conformance Tests Pull Setup Populate registry with test blob" classname="conformance tests" status="passed" time="0.185683003">
              <system-err>&gt; Enter [It] Populate registry with test blob - /home/runner/work/_actions/opencontainers/distribution-spec/main/conformance/01_pull_test.go:36 @ 06/26/24 15:05:06.742&#xA;&lt; Exit [It] Populate registry with test blob - /home/runner/work/_actions/opencontainers/distribution-spec/main/conformance/01_pull_test.go:36 @ 06/26/24 15:05:06.927 (186ms)&#xA;&gt; Enter [ReportAfterEach] TOP-LEVEL - /home/runner/work/_actions/opencontainers/distribution-spec/main/conformance/00_conformance_suite_test.go:23 @ 06/26/24 15:05:06.927&#xA;&lt; Exit [ReportAfterEach] TOP-LEVEL - /home/runner/work/_actions/opencontainers/distribution-spec/main/conformance/00_conformance_suite_test.go:23 @ 06/26/24 15:05:06.927 (0s)&#xA;</system-err>
          </testcase>
          <testcase name="OCI Distribution Conformance Tests Pull Setup Populate registry with test layer" classname="conformance tests" status="passed" time="0.15363181">
              <system-err>&gt; Enter [It] Populate registry with test layer - /home/runner/work/_actions/opencontainers/distribution-spec/main/conformance/01_pull_test.go:54 @ 06/26/24 15:05:06.927&#xA;&lt; Exit [It] Populate registry with test layer - /home/runner/work/_actions/opencontainers/distribution-spec/main/conformance/01_pull_test.go:54 @ 06/26/24 15:05:07.081 (154ms)&#xA;&gt; Enter [ReportAfterEach] TOP-LEVEL - /home/runner/work/_actions/opencontainers/distribution-spec/main/conformance/00_conformance_suite_test.go:23 @ 06/26/24 15:05:07.081&#xA;&lt; Exit [ReportAfterEach] TOP-LEVEL - /home/runner/work/_actions/opencontainers/distribution-spec/main/conformance/00_conformance_suite_test.go:23 @ 06/26/24 15:05:07.081 (0s)&#xA;</system-err>
          </testcase>
          <testcase name="OCI Distribution Conformance Tests Pull Setup Populate registry with test manifest" classname="conformance tests" status="passed" time="0.485365617">
              <system-err>&gt; Enter [It] Populate registry with test manifest - /home/runner/work/_actions/opencontainers/distribution-spec/main/conformance/01_pull_test.go:72 @ 06/26/24 15:05:07.081&#xA;&lt; Exit [It] Populate registry with test manifest - /home/runner/work/_actions/opencontainers/distribution-spec/main/conformance/01_pull_test.go:72 @ 06/26/24 15:05:07.566 (485ms)&#xA;&gt; Enter [ReportAfterEach] TOP-LEVEL - /home/runner/work/_actions/opencontainers/distribution-spec/main/conformance/00_conformance_suite_test.go:23 @ 06/26/24 15:05:07.566&#xA;&lt; Exit [ReportAfterEach] TOP-LEVEL - /home/runner/work/_actions/opencontainers/distribution-spec/main/conformance/00_conformance_suite_test.go:23 @ 06/26/24 15:05:07.567 (0s)&#xA;</system-err>
          </testcase>
          <testcase name="OCI Distribution Conformance Tests Pull Setup Populate registry with test manifest" classname="conformance tests" status="passed" time="0.186029131">
              <system-err>&gt; Enter [It] Populate registry with test manifest - /home/runner/work/_actions/opencontainers/distribution-spec/main/conformance/01_pull_test.go:87 @ 06/26/24 15:05:07.567&#xA;&lt; Exit [It] Populate registry with test manifest - /home/runner/work/_actions/opencontainers/distribution-spec/main/conformance/01_pull_test.go:87 @ 06/26/24 15:05:07.753 (186ms)&#xA;&gt; Enter [ReportAfterEach] TOP-LEVEL - /home/runner/work/_actions/opencontainers/distribution-spec/main/conformance/00_conformance_suite_test.go:23 @ 06/26/24 15:05:07.753&#xA;&lt; Exit [ReportAfterEach] TOP-LEVEL - /home/runner/work/_actions/opencontainers/distribution-spec/main/conformance/00_conformance_suite_test.go:23 @ 06/26/24 15:05:07.753 (0s)&#xA;</system-err>
          </testcase>
          <testcase name="OCI Distribution Conformance Tests Pull Setup Get tag name from environment" classname="conformance tests" status="skipped" time="0.000179537">
              <skipped message="skipped - you have skipped this test."></skipped>
              <system-err>&gt; Enter [It] Get tag name from environment - /home/runner/work/_actions/opencontainers/distribution-spec/main/conformance/01_pull_test.go:101 @ 06/26/24 15:05:07.753&#xA;[SKIPPED] you have skipped this test.&#xA;In [It] at: /home/runner/work/_actions/opencontainers/distribution-spec/main/conformance/setup.go:591 @ 06/26/24 15:05:07.753&#xA;&lt; Exit [It] Get tag name from environment - /home/runner/work/_actions/opencontainers/distribution-spec/main/conformance/01_pull_test.go:101 @ 06/26/24 15:05:07.753 (0s)&#xA;&gt; Enter [ReportAfterEach] TOP-LEVEL - /home/runner/work/_actions/opencontainers/distribution-spec/main/conformance/00_conformance_suite_test.go:23 @ 06/26/24 15:05:07.753&#xA;&lt; Exit [ReportAfterEach] TOP-LEVEL - /home/runner/work/_actions/opencontainers/distribution-spec/main/conformance/00_conformance_suite_test.go:23 @ 06/26/24 15:05:07.753 (0s)&#xA;</system-err>
          </testcase>
          <testcase name="OCI Distribution Conformance Tests Pull Pull blobs HEAD request to nonexistent blob should result in 404 response" classname="conformance tests" status="passed" time="0.058591603">
              <system-err>&gt; Enter [It] HEAD request to nonexistent blob should result in 404 response - /home/runner/work/_actions/opencontainers/distribution-spec/main/conformance/01_pull_test.go:112 @ 06/26/24 15:05:07.753&#xA;&lt; Exit [It] HEAD request to nonexistent blob should result in 404 response - /home/runner/work/_actions/opencontainers/distribution-spec/main/conformance/01_pull_test.go:112 @ 06/26/24 15:05:07.811 (59ms)&#xA;&gt; Enter [ReportAfterEach] TOP-LEVEL - /home/runner/work/_actions/opencontainers/distribution-spec/main/conformance/00_conformance_suite_test.go:23 @ 06/26/24 15:05:07.811&#xA;&lt; Exit [ReportAfterEach] TOP-LEVEL - /home/runner/work/_actions/opencontainers/distribution-spec/main/conformance/00_conformance_suite_test.go:23 @ 06/26/24 15:05:07.811 (0s)&#xA;</system-err>
          </testcase>
          <testcase name="OCI Distribution Conformance Tests Pull Pull blobs HEAD request to existing blob should yield 200" classname="conformance tests" status="passed" time="0.105387474">
              <system-err>&gt; Enter [It] HEAD request to existing blob should yield 200 - /home/runner/work/_actions/opencontainers/distribution-spec/main/conformance/01_pull_test.go:121 @ 06/26/24 15:05:07.812&#xA;&lt; Exit [It] HEAD request to existing blob should yield 200 - /home/runner/work/_actions/opencontainers/distribution-spec/main/conformance/01_pull_test.go:121 @ 06/26/24 15:05:07.917 (105ms)&#xA;&gt; Enter [ReportAfterEach] TOP-LEVEL - /home/runner/work/_actions/opencontainers/distribution-spec/main/conformance/00_conformance_suite_test.go:23 @ 06/26/24 15:05:07.917&#xA;&lt; Exit [ReportAfterEach] TOP-LEVEL - /home/runner/work/_actions/opencontainers/distribution-spec/main/conformance/00_conformance_suite_test.go:23 @ 06/26/24 15:05:07.917 (0s)&#xA;</system-err>
          </testcase>
          <testcase name="OCI Distribution Conformance Tests Pull Pull blobs GET nonexistent blob should result in 404 response" classname="conformance tests" status="passed" time="0.053190558">
              <system-err>&gt; Enter [It] GET nonexistent blob should result in 404 response - /home/runner/work/_actions/opencontainers/distribution-spec/main/conformance/01_pull_test.go:133 @ 06/26/24 15:05:07.917&#xA;&lt; Exit [It] GET nonexistent blob should result in 404 response - /home/runner/work/_actions/opencontainers/distribution-spec/main/conformance/01_pull_test.go:133 @ 06/26/24 15:05:07.97 (53ms)&#xA;&gt; Enter [ReportAfterEach] TOP-LEVEL - /home/runner/work/_actions/opencontainers/distribution-spec/main/conformance/00_conformance_suite_test.go:23 @ 06/26/24 15:05:07.97&#xA;&lt; Exit [ReportAfterEach] TOP-LEVEL - /home/runner/work/_actions/opencontainers/distribution-spec/main/conformance/00_conformance_suite_test.go:23 @ 06/26/24 15:05:07.97 (0s)&#xA;</system-err>
          </testcase>
          <testcase name="OCI Distribution Conformance Tests Pull Pull blobs GET request to existing blob URL should yield 200" classname="conformance tests" status="passed" time="0.109800545">
              <system-err>&gt; Enter [It] GET request to existing blob URL should yield 200 - /home/runner/work/_actions/opencontainers/distribution-spec/main/conformance/01_pull_test.go:142 @ 06/26/24 15:05:07.97&#xA;&lt; Exit [It] GET request to existing blob URL should yield 200 - /home/runner/work/_actions/opencontainers/distribution-spec/main/conformance/01_pull_test.go:142 @ 06/26/24 15:05:08.08 (110ms)&#xA;&gt; Enter [ReportAfterEach] TOP-LEVEL - /home/runner/work/_actions/opencontainers/distribution-spec/main/conformance/00_conformance_suite_test.go:23 @ 06/26/24 15:05:08.08&#xA;&lt; Exit [ReportAfterEach] TOP-LEVEL - /home/runner/work/_actions/opencontainers/distribution-spec/main/conformance/00_conformance_suite_test.go:23 @ 06/26/24 15:05:08.08 (0s)&#xA;</system-err>
          </testcase>
          <testcase name="OCI Distribution Conformance Tests Pull Pull manifests HEAD request to nonexistent manifest should return 404" classname="conformance tests" status="passed" time="0.005660521">
              <system-err>&gt; Enter [It] HEAD request to nonexistent manifest should return 404 - /home/runner/work/_actions/opencontainers/distribution-spec/main/conformance/01_pull_test.go:152 @ 06/26/24 15:05:08.08&#xA;&lt; Exit [It] HEAD request to nonexistent manifest should return 404 - /home/runner/work/_actions/opencontainers/distribution-spec/main/conformance/01_pull_test.go:152 @ 06/26/24 15:05:08.086 (6ms)&#xA;&gt; Enter [ReportAfterEach] TOP-LEVEL - /home/runner/work/_actions/opencontainers/distribution-spec/main/conformance/00_conformance_suite_test.go:23 @ 06/26/24 15:05:08.086&#xA;&lt; Exit [ReportAfterEach] TOP-LEVEL - /home/runner/work/_actions/opencontainers/distribution-spec/main/conformance/00_conformance_suite_test.go:23 @ 06/26/24 15:05:08.086 (0s)&#xA;</system-err>
          </testcase>
          <testcase name="OCI Distribution Conformance Tests Pull Pull manifests HEAD request to manifest[0] path (digest) should yield 200 response" classname="conformance tests" status="passed" time="0.115000975">
              <system-err>&gt; Enter [It] HEAD request to manifest[0] path (digest) should yield 200 response - /home/runner/work/_actions/opencontainers/distribution-spec/main/conformance/01_pull_test.go:161 @ 06/26/24 15:05:08.086&#xA;&lt; Exit [It] HEAD request to manifest[0] path (digest) should yield 200 response - /home/runner/work/_actions/opencontainers/distribution-spec/main/conformance/01_pull_test.go:161 @ 06/26/24 15:05:08.201 (115ms)&#xA;&gt; Enter [ReportAfterEach] TOP-LEVEL - /home/runner/work/_actions/opencontainers/distribution-spec/main/conformance/00_conformance_suite_test.go:23 @ 06/26/24 15:05:08.201&#xA;&lt; Exit [ReportAfterEach] TOP-LEVEL - /home/runner/work/_actions/opencontainers/distribution-spec/main/conformance/00_conformance_suite_test.go:23 @ 06/26/24 15:05:08.201 (0s)&#xA;</system-err>
          </testcase>
          <testcase name="OCI Distribution Conformance Tests Pull Pull manifests HEAD request to manifest[1] path (digest) should yield 200 response" classname="conformance tests" status="passed" time="0.083053502">
              <system-err>&gt; Enter [It] HEAD request to manifest[1] path (digest) should yield 200 response - /home/runner/work/_actions/opencontainers/distribution-spec/main/conformance/01_pull_test.go:173 @ 06/26/24 15:05:08.201&#xA;&lt; Exit [It] HEAD request to manifest[1] path (digest) should yield 200 response - /home/runner/work/_actions/opencontainers/distribution-spec/main/conformance/01_pull_test.go:173 @ 06/26/24 15:05:08.284 (83ms)&#xA;&gt; Enter [ReportAfterEach] TOP-LEVEL - /home/runner/work/_actions/opencontainers/distribution-spec/main/conformance/00_conformance_suite_test.go:23 @ 06/26/24 15:05:08.284&#xA;&lt; Exit [ReportAfterEach] TOP-LEVEL - /home/runner/work/_actions/opencontainers/distribution-spec/main/conformance/00_conformance_suite_test.go:23 @ 06/26/24 15:05:08.284 (0s)&#xA;</system-err>
          </testcase>
          <testcase name="OCI Distribution Conformance Tests Pull Pull manifests HEAD request to manifest path (tag) should yield 200 response" classname="conformance tests" status="passed" time="0.035599861">
              <system-err>&gt; Enter [It] HEAD request to manifest path (tag) should yield 200 response - /home/runner/work/_actions/opencontainers/distribution-spec/main/conformance/01_pull_test.go:185 @ 06/26/24 15:05:08.284&#xA;&lt; Exit [It] HEAD request to manifest path (tag) should yield 200 response - /home/runner/work/_actions/opencontainers/distribution-spec/main/conformance/01_pull_test.go:185 @ 06/26/24 15:05:08.32 (36ms)&#xA;&gt; Enter [ReportAfterEach] TOP-LEVEL - /home/runner/work/_actions/opencontainers/distribution-spec/main/conformance/00_conformance_suite_test.go:23 @ 06/26/24 15:05:08.32&#xA;&lt; Exit [ReportAfterEach] TOP-LEVEL - /home/runner/work/_actions/opencontainers/distribution-spec/main/conformance/00_conformance_suite_test.go:23 @ 06/26/24 15:05:08.32 (0s)&#xA;</system-err>
          </testcase>
          <testcase name="OCI Distribution Conformance Tests Pull Pull manifests GET nonexistent manifest should return 404" classname="conformance tests" status="passed" time="0.005975705">
              <system-err>&gt; Enter [It] GET nonexistent manifest should return 404 - /home/runner/work/_actions/opencontainers/distribution-spec/main/conformance/01_pull_test.go:198 @ 06/26/24 15:05:08.32&#xA;&lt; Exit [It] GET nonexistent manifest should return 404 - /home/runner/work/_actions/opencontainers/distribution-spec/main/conformance/01_pull_test.go:198 @ 06/26/24 15:05:08.326 (6ms)&#xA;&gt; Enter [ReportAfterEach] TOP-LEVEL - /home/runner/work/_actions/opencontainers/distribution-spec/main/conformance/00_conformance_suite_test.go:23 @ 06/26/24 15:05:08.326&#xA;&lt; Exit [ReportAfterEach] TOP-LEVEL - /home/runner/work/_actions/opencontainers/distribution-spec/main/conformance/00_conformance_suite_test.go:23 @ 06/26/24 15:05:08.326 (0s)&#xA;</system-err>
          </testcase>
          <testcase name="OCI Distribution Conformance Tests Pull Pull manifests GET request to manifest[0] path (digest) should yield 200 response" classname="conformance tests" status="passed" time="0.057795882">
              <system-err>&gt; Enter [It] GET request to manifest[0] path (digest) should yield 200 response - /home/runner/work/_actions/opencontainers/distribution-spec/main/conformance/01_pull_test.go:207 @ 06/26/24 15:05:08.326&#xA;&lt; Exit [It] GET request to manifest[0] path (digest) should yield 200 response - /home/runner/work/_actions/opencontainers/distribution-spec/main/conformance/01_pull_test.go:207 @ 06/26/24 15:05:08.384 (58ms)&#xA;&gt; Enter [ReportAfterEach] TOP-LEVEL - /home/runner/work/_actions/opencontainers/distribution-spec/main/conformance/00_conformance_suite_test.go:23 @ 06/26/24 15:05:08.384&#xA;&lt; Exit [ReportAfterEach] TOP-LEVEL - /home/runner/work/_actions/opencontainers/distribution-spec/main/conformance/00_conformance_suite_test.go:23 @ 06/26/24 15:05:08.384 (0s)&#xA;</system-err>
          </testcase>
          <testcase name="OCI Distribution Conformance Tests Pull Pull manifests GET request to manifest[1] path (digest) should yield 200 response" classname="conformance tests" status="passed" time="0.07083093">
              <system-err>&gt; Enter [It] GET request to manifest[1] path (digest) should yield 200 response - /home/runner/work/_actions/opencontainers/distribution-spec/main/conformance/01_pull_test.go:216 @ 06/26/24 15:05:08.384&#xA;&lt; Exit [It] GET request to manifest[1] path (digest) should yield 200 response - /home/runner/work/_actions/opencontainers/distribution-spec/main/conformance/01_pull_test.go:216 @ 06/26/24 15:05:08.454 (71ms)&#xA;&gt; Enter [ReportAfterEach] TOP-LEVEL - /home/runner/work/_actions/opencontainers/distribution-spec/main/conformance/00_conformance_suite_test.go:23 @ 06/26/24 15:05:08.454&#xA;&lt; Exit [ReportAfterEach] TOP-LEVEL - /home/runner/work/_actions/opencontainers/distribution-spec/main/conformance/00_conformance_suite_test.go:23 @ 06/26/24 15:05:08.454 (0s)&#xA;</system-err>
          </testcase>
          <testcase name="OCI Distribution Conformance Tests Pull Pull manifests GET request to manifest path (tag) should yield 200 response" classname="conformance tests" status="passed" time="0.036589679">
              <system-err>&gt; Enter [It] GET request to manifest path (tag) should yield 200 response - /home/runner/work/_actions/opencontainers/distribution-spec/main/conformance/01_pull_test.go:225 @ 06/26/24 15:05:08.455&#xA;&lt; Exit [It] GET request to manifest path (tag) should yield 200 response - /home/runner/work/_actions/opencontainers/distribution-spec/main/conformance/01_pull_test.go:225 @ 06/26/24 15:05:08.491 (37ms)&#xA;&gt; Enter [ReportAfterEach] TOP-LEVEL - /home/runner/work/_actions/opencontainers/distribution-spec/main/conformance/00_conformance_suite_test.go:23 @ 06/26/24 15:05:08.491&#xA;&lt; Exit [ReportAfterEach] TOP-LEVEL - /home/runner/work/_actions/opencontainers/distribution-spec/main/conformance/00_conformance_suite_test.go:23 @ 06/26/24 15:05:08.491 (0s)&#xA;</system-err>
          </testcase>
          <testcase name="OCI Distribution Conformance Tests Pull Error codes 400 response body should contain OCI-conforming JSON message" classname="conformance tests" status="passed" time="0.005847382">
              <system-err>&gt; Enter [It] 400 response body should contain OCI-conforming JSON message - /home/runner/work/_actions/opencontainers/distribution-spec/main/conformance/01_pull_test.go:237 @ 06/26/24 15:05:08.491&#xA;&lt; Exit [It] 400 response body should contain OCI-conforming JSON message - /home/runner/work/_actions/opencontainers/distribution-spec/main/conformance/01_pull_test.go:237 @ 06/26/24 15:05:08.497 (6ms)&#xA;&gt; Enter [ReportAfterEach] TOP-LEVEL - /home/runner/work/_actions/opencontainers/distribution-spec/main/conformance/00_conformance_suite_test.go:23 @ 06/26/24 15:05:08.497&#xA;&lt; Exit [ReportAfterEach] TOP-LEVEL - /home/runner/work/_actions/opencontainers/distribution-spec/main/conformance/00_conformance_suite_test.go:23 @ 06/26/24 15:05:08.497 (0s)&#xA;</system-err>
          </testcase>
          <testcase name="OCI Distribution Conformance Tests Pull Teardown Delete manifest[0] created in setup" classname="conformance tests" status="passed" time="0.231431387">
              <system-err>&gt; Enter [It] Delete manifest[0] created in setup - /home/runner/work/_actions/opencontainers/distribution-spec/main/conformance/01_pull_test.go:260 @ 06/26/24 15:05:08.497&#xA;&lt; Exit [It] Delete manifest[0] created in setup - /home/runner/work/_actions/opencontainers/distribution-spec/main/conformance/01_pull_test.go:260 @ 06/26/24 15:05:08.728 (231ms)&#xA;&gt; Enter [ReportAfterEach] TOP-LEVEL - /home/runner/work/_actions/opencontainers/distribution-spec/main/conformance/00_conformance_suite_test.go:23 @ 06/26/24 15:05:08.729&#xA;&lt; Exit [ReportAfterEach] TOP-LEVEL - /home/runner/work/_actions/opencontainers/distribution-spec/main/conformance/00_conformance_suite_test.go:23 @ 06/26/24 15:05:08.729 (0s)&#xA;</system-err>
          </testcase>
          <testcase name="OCI Distribution Conformance Tests Pull Teardown Delete manifest[1] created in setup" classname="conformance tests" status="passed" time="0.173938823">
              <system-err>&gt; Enter [It] Delete manifest[1] created in setup - /home/runner/work/_actions/opencontainers/distribution-spec/main/conformance/01_pull_test.go:274 @ 06/26/24 15:05:08.729&#xA;&lt; Exit [It] Delete manifest[1] created in setup - /home/runner/work/_actions/opencontainers/distribution-spec/main/conformance/01_pull_test.go:274 @ 06/26/24 15:05:08.903 (174ms)&#xA;&gt; Enter [ReportAfterEach] TOP-LEVEL - /home/runner/work/_actions/opencontainers/distribution-spec/main/conformance/00_conformance_suite_test.go:23 @ 06/26/24 15:05:08.903&#xA;&lt; Exit [ReportAfterEach] TOP-LEVEL - /home/runner/work/_actions/opencontainers/distribution-spec/main/conformance/00_conformance_suite_test.go:23 @ 06/26/24 15:05:08.903 (0s)&#xA;</system-err>
          </testcase>
          <testcase name="OCI Distribution Conformance Tests Pull Teardown Delete config[0] blob created in setup" classname="conformance tests" status="passed" time="0.089228561">
              <system-err>&gt; Enter [It] Delete config[0] blob created in setup - /home/runner/work/_actions/opencontainers/distribution-spec/main/conformance/01_pull_test.go:290 @ 06/26/24 15:05:08.903&#xA;&lt; Exit [It] Delete config[0] blob created in setup - /home/runner/work/_actions/opencontainers/distribution-spec/main/conformance/01_pull_test.go:290 @ 06/26/24 15:05:08.992 (89ms)&#xA;&gt; Enter [ReportAfterEach] TOP-LEVEL - /home/runner/work/_actions/opencontainers/distribution-spec/main/conformance/00_conformance_suite_test.go:23 @ 06/26/24 15:05:08.992&#xA;&lt; Exit [ReportAfterEach] TOP-LEVEL - /home/runner/work/_actions/opencontainers/distribution-spec/main/conformance/00_conformance_suite_test.go:23 @ 06/26/24 15:05:08.992 (0s)&#xA;</system-err>
          </testcase>
          <testcase name="OCI Distribution Conformance Tests Pull Teardown Delete config[1] blob created in setup" classname="conformance tests" status="passed" time="0.058875046">
              <system-err>&gt; Enter [It] Delete config[1] blob created in setup - /home/runner/work/_actions/opencontainers/distribution-spec/main/conformance/01_pull_test.go:304 @ 06/26/24 15:05:08.992&#xA;&lt; Exit [It] Delete config[1] blob created in setup - /home/runner/work/_actions/opencontainers/distribution-spec/main/conformance/01_pull_test.go:304 @ 06/26/24 15:05:09.051 (59ms)&#xA;&gt; Enter [ReportAfterEach] TOP-LEVEL - /home/runner/work/_actions/opencontainers/distribution-spec/main/conformance/00_conformance_suite_test.go:23 @ 06/26/24 15:05:09.051&#xA;&lt; Exit [ReportAfterEach] TOP-LEVEL - /home/runner/work/_actions/opencontainers/distribution-spec/main/conformance/00_conformance_suite_test.go:23 @ 06/26/24 15:05:09.051 (0s)&#xA;</system-err>
          </testcase>
          <testcase name="OCI Distribution Conformance Tests Pull Teardown Delete layer blob created in setup" classname="conformance tests" status="passed" time="0.05682926">
              <system-err>&gt; Enter [It] Delete layer blob created in setup - /home/runner/work/_actions/opencontainers/distribution-spec/main/conformance/01_pull_test.go:319 @ 06/26/24 15:05:09.051&#xA;&lt; Exit [It] Delete layer blob created in setup - /home/runner/work/_actions/opencontainers/distribution-spec/main/conformance/01_pull_test.go:319 @ 06/26/24 15:05:09.108 (57ms)&#xA;&gt; Enter [ReportAfterEach] TOP-LEVEL - /home/runner/work/_actions/opencontainers/distribution-spec/main/conformance/00_conformance_suite_test.go:23 @ 06/26/24 15:05:09.108&#xA;&lt; Exit [ReportAfterEach] TOP-LEVEL - /home/runner/work/_actions/opencontainers/distribution-spec/main/conformance/00_conformance_suite_test.go:23 @ 06/26/24 15:05:09.108 (0s)&#xA;</system-err>
          </testcase>
          <testcase name="OCI Distribution Conformance Tests Push Blob Upload Streamed PATCH request with blob in body should yield 202 response" classname="conformance tests" status="passed" time="0.113213939">
              <system-err>&gt; Enter [It] PATCH request with blob in body should yield 202 response - /home/runner/work/_actions/opencontainers/distribution-spec/main/conformance/02_push_test.go:25 @ 06/26/24 15:05:09.108&#xA;&lt; Exit [It] PATCH request with blob in body should yield 202 response - /home/runner/work/_actions/opencontainers/distribution-spec/main/conformance/02_push_test.go:25 @ 06/26/24 15:05:09.221 (113ms)&#xA;&gt; Enter [ReportAfterEach] TOP-LEVEL - /home/runner/work/_actions/opencontainers/distribution-spec/main/conformance/00_conformance_suite_test.go:23 @ 06/26/24 15:05:09.221&#xA;&lt; Exit [ReportAfterEach] TOP-LEVEL - /home/runner/work/_actions/opencontainers/distribution-spec/main/conformance/00_conformance_suite_test.go:23 @ 06/26/24 15:05:09.221 (0s)&#xA;</system-err>
          </testcase>
          <testcase name="OCI Distribution Conformance Tests Push Blob Upload Streamed PUT request to session URL with digest should yield 201 response" classname="conformance tests" status="passed" time="0.142918929">
              <system-err>&gt; Enter [It] PUT request to session URL with digest should yield 201 response - /home/runner/work/_actions/opencontainers/distribution-spec/main/conformance/02_push_test.go:42 @ 06/26/24 15:05:09.221&#xA;&lt; Exit [It] PUT request to session URL with digest should yield 201 response - /home/runner/work/_actions/opencontainers/distribution-spec/main/conformance/02_push_test.go:42 @ 06/26/24 15:05:09.364 (143ms)&#xA;&gt; Enter [ReportAfterEach] TOP-LEVEL - /home/runner/work/_actions/opencontainers/distribution-spec/main/conformance/00_conformance_suite_test.go:23 @ 06/26/24 15:05:09.364&#xA;&lt; Exit [ReportAfterEach] TOP-LEVEL - /home/runner/work/_actions/opencontainers/distribution-spec/main/conformance/00_conformance_suite_test.go:23 @ 06/26/24 15:05:09.364 (0s)&#xA;</system-err>
          </testcase>
          <testcase name="OCI Distribution Conformance Tests Push Blob Upload Monolithic GET nonexistent blob should result in 404 response" classname="conformance tests" status="passed" time="0.045829438">
              <system-err>&gt; Enter [It] GET nonexistent blob should result in 404 response - /home/runner/work/_actions/opencontainers/distribution-spec/main/conformance/02_push_test.go:58 @ 06/26/24 15:05:09.364&#xA;&lt; Exit [It] GET nonexistent blob should result in 404 response - /home/runner/work/_actions/opencontainers/distribution-spec/main/conformance/02_push_test.go:58 @ 06/26/24 15:05:09.41 (46ms)&#xA;&gt; Enter [ReportAfterEach] TOP-LEVEL - /home/runner/work/_actions/opencontainers/distribution-spec/main/conformance/00_conformance_suite_test.go:23 @ 06/26/24 15:05:09.41&#xA;&lt; Exit [ReportAfterEach] TOP-LEVEL - /home/runner/work/_actions/opencontainers/distribution-spec/main/conformance/00_conformance_suite_test.go:23 @ 06/26/24 15:05:09.41 (0s)&#xA;</system-err>
          </testcase>
          <testcase name="OCI Distribution Conformance Tests Push Blob Upload Monolithic POST request with digest and blob should yield a 201 or 202" classname="conformance tests" status="passed" time="0.134557103">
              <system-err>&gt; Enter [It] POST request with digest and blob should yield a 201 or 202 - /home/runner/work/_actions/opencontainers/distribution-spec/main/conformance/02_push_test.go:67 @ 06/26/24 15:05:09.41&#xA;&lt; Exit [It] POST request with digest and blob should yield a 201 or 202 - /home/runner/work/_actions/opencontainers/distribution-spec/main/conformance/02_push_test.go:67 @ 06/26/24 15:05:09.545 (135ms)&#xA;&gt; Enter [ReportAfterEach] TOP-LEVEL - /home/runner/work/_actions/opencontainers/distribution-spec/main/conformance/00_conformance_suite_test.go:23 @ 06/26/24 15:05:09.545&#xA;&lt; Exit [ReportAfterEach] TOP-LEVEL - /home/runner/work/_actions/opencontainers/distribution-spec/main/conformance/00_conformance_suite_test.go:23 @ 06/26/24 15:05:09.545 (0s)&#xA;</system-err>
          </testcase>
          <testcase name="OCI Distribution Conformance Tests Push Blob Upload Monolithic GET request to blob URL from prior request should yield 200 or 404 based on response code" classname="conformance tests" status="passed" time="0.124758532">
              <system-err>&gt; Enter [It] GET request to blob URL from prior request should yield 200 or 404 based on response code - /home/runner/work/_actions/opencontainers/distribution-spec/main/conformance/02_push_test.go:85 @ 06/26/24 15:05:09.545&#xA;&lt; Exit [It] GET request to blob URL from prior request should yield 200 or 404 based on response code - /home/runner/work/_actions/opencontainers/distribution-spec/main/conformance/02_push_test.go:85 @ 06/26/24 15:05:09.669 (125ms)&#xA;&gt; Enter [ReportAfterEach] TOP-LEVEL - /home/runner/work/_actions/opencontainers/distribution-spec/main/conformance/00_conformance_suite_test.go:23 @ 06/26/24 15:05:09.669&#xA;&lt; Exit [ReportAfterEach] TOP-LEVEL - /home/runner/work/_actions/opencontainers/distribution-spec/main/conformance/00_conformance_suite_test.go:23 @ 06/26/24 15:05:09.67 (0s)&#xA;</system-err>
          </testcase>
          <testcase name="OCI Distribution Conformance Tests Push Blob Upload Monolithic POST request should yield a session ID" classname="conformance tests" status="passed" time="0.071538485">
              <system-err>&gt; Enter [It] POST request should yield a session ID - /home/runner/work/_actions/opencontainers/distribution-spec/main/conformance/02_push_test.go:98 @ 06/26/24 15:05:09.67&#xA;&lt; Exit [It] POST request should yield a session ID - /home/runner/work/_actions/opencontainers/distribution-spec/main/conformance/02_push_test.go:98 @ 06/26/24 15:05:09.741 (72ms)&#xA;&gt; Enter [ReportAfterEach] TOP-LEVEL - /home/runner/work/_actions/opencontainers/distribution-spec/main/conformance/00_conformance_suite_test.go:23 @ 06/26/24 15:05:09.741&#xA;&lt; Exit [ReportAfterEach] TOP-LEVEL - /home/runner/work/_actions/opencontainers/distribution-spec/main/conformance/00_conformance_suite_test.go:23 @ 06/26/24 15:05:09.741 (0s)&#xA;</system-err>
          </testcase>
          <testcase name="OCI Distribution Conformance Tests Push Blob Upload Monolithic PUT upload of a blob should yield a 201 Response" classname="conformance tests" status="passed" time="0.113722454">
              <system-err>&gt; Enter [It] PUT upload of a blob should yield a 201 Response - /home/runner/work/_actions/opencontainers/distribution-spec/main/conformance/02_push_test.go:107 @ 06/26/24 15:05:09.741&#xA;&lt; Exit [It] PUT upload of a blob should yield a 201 Response - /home/runner/work/_actions/opencontainers/distribution-spec/main/conformance/02_push_test.go:107 @ 06/26/24 15:05:09.855 (114ms)&#xA;&gt; Enter [ReportAfterEach] TOP-LEVEL - /home/runner/work/_actions/opencontainers/distribution-spec/main/conformance/00_conformance_suite_test.go:23 @ 06/26/24 15:05:09.855&#xA;&lt; Exit [ReportAfterEach] TOP-LEVEL - /home/runner/work/_actions/opencontainers/distribution-spec/main/conformance/00_conformance_suite_test.go:23 @ 06/26/24 15:05:09.855 (0s)&#xA;</system-err>
          </testcase>
          <testcase name="OCI Distribution Conformance Tests Push Blob Upload Monolithic GET request to existing blob should yield 200 response" classname="conformance tests" status="passed" time="0.052650614">
              <system-err>&gt; Enter [It] GET request to existing blob should yield 200 response - /home/runner/work/_actions/opencontainers/distribution-spec/main/conformance/02_push_test.go:121 @ 06/26/24 15:05:09.855&#xA;&lt; Exit [It] GET request to existing blob should yield 200 response - /home/runner/work/_actions/opencontainers/distribution-spec/main/conformance/02_push_test.go:121 @ 06/26/24 15:05:09.908 (53ms)&#xA;&gt; Enter [ReportAfterEach] TOP-LEVEL - /home/runner/work/_actions/opencontainers/distribution-spec/main/conformance/00_conformance_suite_test.go:23 @ 06/26/24 15:05:09.908&#xA;&lt; Exit [ReportAfterEach] TOP-LEVEL - /home/runner/work/_actions/opencontainers/distribution-spec/main/conformance/00_conformance_suite_test.go:23 @ 06/26/24 15:05:09.908 (0s)&#xA;</system-err>
          </testcase>
          <testcase name="OCI Distribution Conformance Tests Push Blob Upload Monolithic PUT upload of a layer blob should yield a 201 Response" classname="conformance tests" status="passed" time="0.202775916">
              <system-err>&gt; Enter [It] PUT upload of a layer blob should yield a 201 Response - /home/runner/work/_actions/opencontainers/distribution-spec/main/conformance/02_push_test.go:129 @ 06/26/24 15:05:09.908&#xA;&lt; Exit [It] PUT upload of a layer blob should yield a 201 Response - /home/runner/work/_actions/opencontainers/distribution-spec/main/conformance/02_push_test.go:129 @ 06/26/24 15:05:10.11 (203ms)&#xA;&gt; Enter [ReportAfterEach] TOP-LEVEL - /home/runner/work/_actions/opencontainers/distribution-spec/main/conformance/00_conformance_suite_test.go:23 @ 06/26/24 15:05:10.11&#xA;&lt; Exit [ReportAfterEach] TOP-LEVEL - /home/runner/work/_actions/opencontainers/distribution-spec/main/conformance/00_conformance_suite_test.go:23 @ 06/26/24 15:05:10.111 (0s)&#xA;</system-err>
          </testcase>
          <testcase name="OCI Distribution Conformance Tests Push Blob Upload Monolithic GET request to existing layer should yield 200 response" classname="conformance tests" status="passed" time="0.105084166">
              <system-err>&gt; Enter [It] GET request to existing layer should yield 200 response - /home/runner/work/_actions/opencontainers/distribution-spec/main/conformance/02_push_test.go:146 @ 06/26/24 15:05:10.111&#xA;&lt; Exit [It] GET request to existing layer should yield 200 response - /home/runner/work/_actions/opencontainers/distribution-spec/main/conformance/02_push_test.go:146 @ 06/26/24 15:05:10.216 (105ms)&#xA;&gt; Enter [ReportAfterEach] TOP-LEVEL - /home/runner/work/_actions/opencontainers/distribution-spec/main/conformance/00_conformance_suite_test.go:23 @ 06/26/24 15:05:10.216&#xA;&lt; Exit [ReportAfterEach] TOP-LEVEL - /home/runner/work/_actions/opencontainers/distribution-spec/main/conformance/00_conformance_suite_test.go:23 @ 06/26/24 15:05:10.216 (0s)&#xA;</system-err>
          </testcase>
          <testcase name="OCI Distribution Conformance Tests Push Blob Upload Chunked Out-of-order blob upload should return 416" classname="conformance tests" status="passed" time="0.127944393">
              <system-err>&gt; Enter [It] Out-of-order blob upload should return 416 - /home/runner/work/_actions/opencontainers/distribution-spec/main/conformance/02_push_test.go:156 @ 06/26/24 15:05:10.216&#xA;&lt; Exit [It] Out-of-order blob upload should return 416 - /home/runner/work/_actions/opencontainers/distribution-spec/main/conformance/02_push_test.go:156 @ 06/26/24 15:05:10.344 (128ms)&#xA;&gt; Enter [ReportAfterEach] TOP-LEVEL - /home/runner/work/_actions/opencontainers/distribution-spec/main/conformance/00_conformance_suite_test.go:23 @ 06/26/24 15:05:10.344&#xA;&lt; Exit [ReportAfterEach] TOP-LEVEL - /home/runner/work/_actions/opencontainers/distribution-spec/main/conformance/00_conformance_suite_test.go:23 @ 06/26/24 15:05:10.344 (0s)&#xA;</system-err>
          </testcase>
          <testcase name="OCI Distribution Conformance Tests Push Blob Upload Chunked PATCH request with first chunk should return 202" classname="conformance tests" status="passed" time="0.100010559">
              <system-err>&gt; Enter [It] PATCH request with first chunk should return 202 - /home/runner/work/_actions/opencontainers/distribution-spec/main/conformance/02_push_test.go:185 @ 06/26/24 15:05:10.344&#xA;&lt; Exit [It] PATCH request with first chunk should return 202 - /home/runner/work/_actions/opencontainers/distribution-spec/main/conformance/02_push_test.go:185 @ 06/26/24 15:05:10.444 (100ms)&#xA;&gt; Enter [ReportAfterEach] TOP-LEVEL - /home/runner/work/_actions/opencontainers/distribution-spec/main/conformance/00_conformance_suite_test.go:23 @ 06/26/24 15:05:10.444&#xA;&lt; Exit [ReportAfterEach] TOP-LEVEL - /home/runner/work/_actions/opencontainers/distribution-spec/main/conformance/00_conformance_suite_test.go:23 @ 06/26/24 15:05:10.444 (0s)&#xA;</system-err>
          </testcase>
          <testcase name="OCI Distribution Conformance Tests Push Blob Upload Chunked Retry previous blob chunk should return 416" classname="conformance tests" status="passed" time="0.067295622">
              <system-err>&gt; Enter [It] Retry previous blob chunk should return 416 - /home/runner/work/_actions/opencontainers/distribution-spec/main/conformance/02_push_test.go:206 @ 06/26/24 15:05:10.444&#xA;&lt; Exit [It] Retry previous blob chunk should return 416 - /home/runner/work/_actions/opencontainers/distribution-spec/main/conformance/02_push_test.go:206 @ 06/26/24 15:05:10.511 (67ms)&#xA;&gt; Enter [ReportAfterEach] TOP-LEVEL - /home/runner/work/_actions/opencontainers/distribution-spec/main/conformance/00_conformance_suite_test.go:23 @ 06/26/24 15:05:10.511&#xA;&lt; Exit [ReportAfterEach] TOP-LEVEL - /home/runner/work/_actions/opencontainers/distribution-spec/main/conformance/00_conformance_suite_test.go:23 @ 06/26/24 15:05:10.511 (0s)&#xA;</system-err>
          </testcase>
          <testcase name="OCI Distribution Conformance Tests Push Blob Upload Chunked Get on stale blob upload should return 204 with a range and location" classname="conformance tests" status="passed" time="0.055843144">
              <system-err>&gt; Enter [It] Get on stale blob upload should return 204 with a range and location - /home/runner/work/_actions/opencontainers/distribution-spec/main/conformance/02_push_test.go:218 @ 06/26/24 15:05:10.511&#xA;&lt; Exit [It] Get on stale blob upload should return 204 with a range and location - /home/runner/work/_actions/opencontainers/distribution-spec/main/conformance/02_push_test.go:218 @ 06/26/24 15:05:10.567 (56ms)&#xA;&gt; Enter [ReportAfterEach] TOP-LEVEL - /home/runner/work/_actions/opencontainers/distribution-spec/main/conformance/00_conformance_suite_test.go:23 @ 06/26/24 15:05:10.567&#xA;&lt; Exit [ReportAfterEach] TOP-LEVEL - /home/runner/work/_actions/opencontainers/distribution-spec/main/conformance/00_conformance_suite_test.go:23 @ 06/26/24 15:05:10.567 (0s)&#xA;</system-err>
          </testcase>
          <testcase name="OCI Distribution Conformance Tests Push Blob Upload Chunked PATCH request with second chunk should return 202" classname="conformance tests" status="passed" time="0.066277654">
              <system-err>&gt; Enter [It] PATCH request with second chunk should return 202 - /home/runner/work/_actions/opencontainers/distribution-spec/main/conformance/02_push_test.go:229 @ 06/26/24 15:05:10.568&#xA;&lt; Exit [It] PATCH request with second chunk should return 202 - /home/runner/work/_actions/opencontainers/distribution-spec/main/conformance/02_push_test.go:229 @ 06/26/24 15:05:10.634 (66ms)&#xA;&gt; Enter [ReportAfterEach] TOP-LEVEL - /home/runner/work/_actions/opencontainers/distribution-spec/main/conformance/00_conformance_suite_test.go:23 @ 06/26/24 15:05:10.634&#xA;&lt; Exit [ReportAfterEach] TOP-LEVEL - /home/runner/work/_actions/opencontainers/distribution-spec/main/conformance/00_conformance_suite_test.go:23 @ 06/26/24 15:05:10.634 (0s)&#xA;</system-err>
          </testcase>
          <testcase name="OCI Distribution Conformance Tests Push Blob Upload Chunked PUT request with digest should return 201" classname="conformance tests" status="passed" time="0.126820405">
              <system-err>&gt; Enter [It] PUT request with digest should return 201 - /home/runner/work/_actions/opencontainers/distribution-spec/main/conformance/02_push_test.go:244 @ 06/26/24 15:05:10.634&#xA;&lt; Exit [It] PUT request with digest should return 201 - /home/runner/work/_actions/opencontainers/distribution-spec/main/conformance/02_push_test.go:244 @ 06/26/24 15:05:10.761 (127ms)&#xA;&gt; Enter [ReportAfterEach] TOP-LEVEL - /home/runner/work/_actions/opencontainers/distribution-spec/main/conformance/00_conformance_suite_test.go:23 @ 06/26/24 15:05:10.761&#xA;&lt; Exit [ReportAfterEach] TOP-LEVEL - /home/runner/work/_actions/opencontainers/distribution-spec/main/conformance/00_conformance_suite_test.go:23 @ 06/26/24 15:05:10.761 (0s)&#xA;</system-err>
          </testcase>
          <testcase name="OCI Distribution Conformance Tests Push Cross-Repository Blob Mount Cross-mounting of a blob without the from argument should yield session id" classname="conformance tests" status="passed" time="0.062282759">
              <system-err>&gt; Enter [It] Cross-mounting of a blob without the from argument should yield session id - /home/runner/work/_actions/opencontainers/distribution-spec/main/conformance/02_push_test.go:259 @ 06/26/24 15:05:10.761&#xA;&lt; Exit [It] Cross-mounting of a blob without the from argument should yield session id - /home/runner/work/_actions/opencontainers/distribution-spec/main/conformance/02_push_test.go:259 @ 06/26/24 15:05:10.823 (62ms)&#xA;&gt; Enter [ReportAfterEach] TOP-LEVEL - /home/runner/work/_actions/opencontainers/distribution-spec/main/conformance/00_conformance_suite_test.go:23 @ 06/26/24 15:05:10.823&#xA;&lt; Exit [ReportAfterEach] TOP-LEVEL - /home/runner/work/_actions/opencontainers/distribution-spec/main/conformance/00_conformance_suite_test.go:23 @ 06/26/24 15:05:10.823 (0s)&#xA;</system-err>
          </testcase>
          <testcase name="OCI Distribution Conformance Tests Push Cross-Repository Blob Mount POST request to mount another repository&#39;s blob should return 201 or 202" classname="conformance tests" status="passed" time="0.057246561">
              <system-err>&gt; Enter [It] POST request to mount another repository&#39;s blob should return 201 or 202 - /home/runner/work/_actions/opencontainers/distribution-spec/main/conformance/02_push_test.go:270 @ 06/26/24 15:05:10.823&#xA;&lt; Exit [It] POST request to mount another repository&#39;s blob should return 201 or 202 - /home/runner/work/_actions/opencontainers/distribution-spec/main/conformance/02_push_test.go:270 @ 06/26/24 15:05:10.881 (57ms)&#xA;&gt; Enter [ReportAfterEach] TOP-LEVEL - /home/runner/work/_actions/opencontainers/distribution-spec/main/conformance/00_conformance_suite_test.go:23 @ 06/26/24 15:05:10.881&#xA;&lt; Exit [ReportAfterEach] TOP-LEVEL - /home/runner/work/_actions/opencontainers/distribution-spec/main/conformance/00_conformance_suite_test.go:23 @ 06/26/24 15:05:10.881 (0s)&#xA;</system-err>
          </testcase>
          <testcase name="OCI Distribution Conformance Tests Push Cross-Repository Blob Mount GET request to test digest within cross-mount namespace should return 200" classname="conformance tests" status="passed" time="0.12229933">
              <system-err>&gt; Enter [It] GET request to test digest within cross-mount namespace should return 200 - /home/runner/work/_actions/opencontainers/distribution-spec/main/conformance/02_push_test.go:285 @ 06/26/24 15:05:10.881&#xA;&lt; Exit [It] GET request to test digest within cross-mount namespace should return 200 - /home/runner/work/_actions/opencontainers/distribution-spec/main/conformance/02_push_test.go:285 @ 06/26/24 15:05:11.003 (122ms)&#xA;&gt; Enter [ReportAfterEach] TOP-LEVEL - /home/runner/work/_actions/opencontainers/distribution-spec/main/conformance/00_conformance_suite_test.go:23 @ 06/26/24 15:05:11.003&#xA;&lt; Exit [ReportAfterEach] TOP-LEVEL - /home/runner/work/_actions/opencontainers/distribution-spec/main/conformance/00_conformance_suite_test.go:23 @ 06/26/24 15:05:11.003 (0s)&#xA;</system-err>
          </testcase>
          <testcase name="OCI Distribution Conformance Tests Push Cross-Repository Blob Mount Cross-mounting of nonexistent blob should yield session id" classname="conformance tests" status="skipped" time="0.000189535">
              <skipped message="skipped - you have skipped this test."></skipped>
              <system-err>&gt; Enter [It] Cross-mounting of nonexistent blob should yield session id - /home/runner/work/_actions/opencontainers/distribution-spec/main/conformance/02_push_test.go:295 @ 06/26/24 15:05:11.003&#xA;[SKIPPED] you have skipped this test.&#xA;In [It] at: /home/runner/work/_actions/opencontainers/distribution-spec/main/conformance/setup.go:585 @ 06/26/24 15:05:11.003&#xA;&lt; Exit [It] Cross-mounting of nonexistent blob should yield session id - /home/runner/work/_actions/opencontainers/distribution-spec/main/conformance/02_push_test.go:295 @ 06/26/24 15:05:11.003 (0s)&#xA;&gt; Enter [ReportAfterEach] TOP-LEVEL - /home/runner/work/_actions/opencontainers/distribution-spec/main/conformance/00_conformance_suite_test.go:23 @ 06/26/24 15:05:11.003&#xA;&lt; Exit [ReportAfterEach] TOP-LEVEL - /home/runner/work/_actions/opencontainers/distribution-spec/main/conformance/00_conformance_suite_test.go:23 @ 06/26/24 15:05:11.003 (0s)&#xA;</system-err>
          </testcase>
          <testcase name="OCI Distribution Conformance Tests Push Cross-Repository Blob Mount Cross-mounting without from, and automatic content discovery enabled should return a 201" classname="conformance tests" status="skipped" time="0.000155571">
              <skipped message="skipped - you have skipped this test."></skipped>
              <system-err>&gt; Enter [It] Cross-mounting without from, and automatic content discovery enabled should return a 201 - /home/runner/work/_actions/opencontainers/distribution-spec/main/conformance/02_push_test.go:301 @ 06/26/24 15:05:11.003&#xA;[SKIPPED] you have skipped this test.&#xA;In [It] at: /home/runner/work/_actions/opencontainers/distribution-spec/main/conformance/setup.go:585 @ 06/26/24 15:05:11.003&#xA;&lt; Exit [It] Cross-mounting without from, and automatic content discovery enabled should return a 201 - /home/runner/work/_actions/opencontainers/distribution-spec/main/conformance/02_push_test.go:301 @ 06/26/24 15:05:11.003 (0s)&#xA;&gt; Enter [ReportAfterEach] TOP-LEVEL - /home/runner/work/_actions/opencontainers/distribution-spec/main/conformance/00_conformance_suite_test.go:23 @ 06/26/24 15:05:11.004&#xA;&lt; Exit [ReportAfterEach] TOP-LEVEL - /home/runner/work/_actions/opencontainers/distribution-spec/main/conformance/00_conformance_suite_test.go:23 @ 06/26/24 15:05:11.004 (0s)&#xA;</system-err>
          </testcase>
          <testcase name="OCI Distribution Conformance Tests Push Cross-Repository Blob Mount Cross-mounting without from, and automatic content discovery disabled should return a 202" classname="conformance tests" status="skipped" time="0.000152987">
              <skipped message="skipped - you have skipped this test."></skipped>
              <system-err>&gt; Enter [It] Cross-mounting without from, and automatic content discovery disabled should return a 202 - /home/runner/work/_actions/opencontainers/distribution-spec/main/conformance/02_push_test.go:314 @ 06/26/24 15:05:11.004&#xA;[SKIPPED] you have skipped this test.&#xA;In [It] at: /home/runner/work/_actions/opencontainers/distribution-spec/main/conformance/setup.go:585 @ 06/26/24 15:05:11.004&#xA;&lt; Exit [It] Cross-mounting without from, and automatic content discovery disabled should return a 202 - /home/runner/work/_actions/opencontainers/distribution-spec/main/conformance/02_push_test.go:314 @ 06/26/24 15:05:11.004 (0s)&#xA;&gt; Enter [ReportAfterEach] TOP-LEVEL - /home/runner/work/_actions/opencontainers/distribution-spec/main/conformance/00_conformance_suite_test.go:23 @ 06/26/24 15:05:11.004&#xA;&lt; Exit [ReportAfterEach] TOP-LEVEL - /home/runner/work/_actions/opencontainers/distribution-spec/main/conformance/00_conformance_suite_test.go:23 @ 06/26/24 15:05:11.004 (0s)&#xA;</system-err>
          </testcase>
          <testcase name="OCI Distribution Conformance Tests Push Manifest Upload GET nonexistent manifest should return 404" classname="conformance tests" status="passed" time="0.006707967">
              <system-err>&gt; Enter [It] GET nonexistent manifest should return 404 - /home/runner/work/_actions/opencontainers/distribution-spec/main/conformance/02_push_test.go:329 @ 06/26/24 15:05:11.004&#xA;&lt; Exit [It] GET nonexistent manifest should return 404 - /home/runner/work/_actions/opencontainers/distribution-spec/main/conformance/02_push_test.go:329 @ 06/26/24 15:05:11.01 (7ms)&#xA;&gt; Enter [ReportAfterEach] TOP-LEVEL - /home/runner/work/_actions/opencontainers/distribution-spec/main/conformance/00_conformance_suite_test.go:23 @ 06/26/24 15:05:11.01&#xA;&lt; Exit [ReportAfterEach] TOP-LEVEL - /home/runner/work/_actions/opencontainers/distribution-spec/main/conformance/00_conformance_suite_test.go:23 @ 06/26/24 15:05:11.01 (0s)&#xA;</system-err>
          </testcase>
          <testcase name="OCI Distribution Conformance Tests Push Manifest Upload PUT should accept a manifest upload" classname="conformance tests" status="passed" time="0.888988032">
              <system-err>&gt; Enter [It] PUT should accept a manifest upload - /home/runner/work/_actions/opencontainers/distribution-spec/main/conformance/02_push_test.go:338 @ 06/26/24 15:05:11.01&#xA;&lt; Exit [It] PUT should accept a manifest upload - /home/runner/work/_actions/opencontainers/distribution-spec/main/conformance/02_push_test.go:338 @ 06/26/24 15:05:11.899 (889ms)&#xA;&gt; Enter [ReportAfterEach] TOP-LEVEL - /home/runner/work/_actions/opencontainers/distribution-spec/main/conformance/00_conformance_suite_test.go:23 @ 06/26/24 15:05:11.899&#xA;&lt; Exit [ReportAfterEach] TOP-LEVEL - /home/runner/work/_actions/opencontainers/distribution-spec/main/conformance/00_conformance_suite_test.go:23 @ 06/26/24 15:05:11.899 (0s)&#xA;</system-err>
          </testcase>
          <testcase name="OCI Distribution Conformance Tests Push Manifest Upload Registry should accept a manifest upload with no layers" classname="conformance tests" status="passed" time="0.211921134">
              <system-err>&gt; Enter [It] Registry should accept a manifest upload with no layers - /home/runner/work/_actions/opencontainers/distribution-spec/main/conformance/02_push_test.go:354 @ 06/26/24 15:05:11.9&#xA;&lt; Exit [It] Registry should accept a manifest upload with no layers - /home/runner/work/_actions/opencontainers/distribution-spec/main/conformance/02_push_test.go:354 @ 06/26/24 15:05:12.111 (212ms)&#xA;&gt; Enter [ReportAfterEach] TOP-LEVEL - /home/runner/work/_actions/opencontainers/distribution-spec/main/conformance/00_conformance_suite_test.go:23 @ 06/26/24 15:05:12.111&#xA;&lt; Exit [ReportAfterEach] TOP-LEVEL - /home/runner/work/_actions/opencontainers/distribution-spec/main/conformance/00_conformance_suite_test.go:23 @ 06/26/24 15:05:12.111 (0s)&#xA;</system-err>
          </testcase>
          <testcase name="OCI Distribution Conformance Tests Push Manifest Upload GET request to manifest URL (digest) should yield 200 response" classname="conformance tests" status="passed" time="0.153456962">
              <system-err>&gt; Enter [It] GET request to manifest URL (digest) should yield 200 response - /home/runner/work/_actions/opencontainers/distribution-spec/main/conformance/02_push_test.go:372 @ 06/26/24 15:05:12.112&#xA;&lt; Exit [It] GET request to manifest URL (digest) should yield 200 response - /home/runner/work/_actions/opencontainers/distribution-spec/main/conformance/02_push_test.go:372 @ 06/26/24 15:05:12.265 (153ms)&#xA;&gt; Enter [ReportAfterEach] TOP-LEVEL - /home/runner/work/_actions/opencontainers/distribution-spec/main/conformance/00_conformance_suite_test.go:23 @ 06/26/24 15:05:12.265&#xA;&lt; Exit [ReportAfterEach] TOP-LEVEL - /home/runner/work/_actions/opencontainers/distribution-spec/main/conformance/00_conformance_suite_test.go:23 @ 06/26/24 15:05:12.265 (0s)&#xA;</system-err>
          </testcase>
          <testcase name="OCI Distribution Conformance Tests Push Teardown Delete manifest created in tests" classname="conformance tests" status="passed" time="0.819339111">
              <system-err>&gt; Enter [It] Delete manifest created in tests - /home/runner/work/_actions/opencontainers/distribution-spec/main/conformance/02_push_test.go:384 @ 06/26/24 15:05:12.265&#xA;&lt; Exit [It] Delete manifest created in tests - /home/runner/work/_actions/opencontainers/distribution-spec/main/conformance/02_push_test.go:384 @ 06/26/24 15:05:13.084 (819ms)&#xA;&gt; Enter [ReportAfterEach] TOP-LEVEL - /home/runner/work/_actions/opencontainers/distribution-spec/main/conformance/00_conformance_suite_test.go:23 @ 06/26/24 15:05:13.084&#xA;&lt; Exit [ReportAfterEach] TOP-LEVEL - /home/runner/work/_actions/opencontainers/distribution-spec/main/conformance/00_conformance_suite_test.go:23 @ 06/26/24 15:05:13.084 (0s)&#xA;</system-err>
          </testcase>
          <testcase name="OCI Distribution Conformance Tests Push Teardown Delete config blob created in tests" classname="conformance tests" status="passed" time="0.08414385">
              <system-err>&gt; Enter [It] Delete config blob created in tests - /home/runner/work/_actions/opencontainers/distribution-spec/main/conformance/02_push_test.go:412 @ 06/26/24 15:05:13.084&#xA;&lt; Exit [It] Delete config blob created in tests - /home/runner/work/_actions/opencontainers/distribution-spec/main/conformance/02_push_test.go:412 @ 06/26/24 15:05:13.169 (84ms)&#xA;&gt; Enter [ReportAfterEach] TOP-LEVEL - /home/runner/work/_actions/opencontainers/distribution-spec/main/conformance/00_conformance_suite_test.go:23 @ 06/26/24 15:05:13.169&#xA;&lt; Exit [ReportAfterEach] TOP-LEVEL - /home/runner/work/_actions/opencontainers/distribution-spec/main/conformance/00_conformance_suite_test.go:23 @ 06/26/24 15:05:13.169 (0s)&#xA;</system-err>
          </testcase>
          <testcase name="OCI Distribution Conformance Tests Push Teardown Delete layer blob created in setup" classname="conformance tests" status="passed" time="0.077001197">
              <system-err>&gt; Enter [It] Delete layer blob created in setup - /home/runner/work/_actions/opencontainers/distribution-spec/main/conformance/02_push_test.go:428 @ 06/26/24 15:05:13.169&#xA;&lt; Exit [It] Delete layer blob created in setup - /home/runner/work/_actions/opencontainers/distribution-spec/main/conformance/02_push_test.go:428 @ 06/26/24 15:05:13.246 (77ms)&#xA;&gt; Enter [ReportAfterEach] TOP-LEVEL - /home/runner/work/_actions/opencontainers/distribution-spec/main/conformance/00_conformance_suite_test.go:23 @ 06/26/24 15:05:13.246&#xA;&lt; Exit [ReportAfterEach] TOP-LEVEL - /home/runner/work/_actions/opencontainers/distribution-spec/main/conformance/00_conformance_suite_test.go:23 @ 06/26/24 15:05:13.246 (0s)&#xA;</system-err>
          </testcase>
          <testcase name="OCI Distribution Conformance Tests Content Discovery Setup Populate registry with test blob" classname="conformance tests" status="passed" time="0.204623008">
              <system-err>&gt; Enter [It] Populate registry with test blob - /home/runner/work/_actions/opencontainers/distribution-spec/main/conformance/03_discovery_test.go:24 @ 06/26/24 15:05:13.246&#xA;&lt; Exit [It] Populate registry with test blob - /home/runner/work/_actions/opencontainers/distribution-spec/main/conformance/03_discovery_test.go:24 @ 06/26/24 15:05:13.45 (205ms)&#xA;&gt; Enter [ReportAfterEach] TOP-LEVEL - /home/runner/work/_actions/opencontainers/distribution-spec/main/conformance/00_conformance_suite_test.go:23 @ 06/26/24 15:05:13.45&#xA;&lt; Exit [ReportAfterEach] TOP-LEVEL - /home/runner/work/_actions/opencontainers/distribution-spec/main/conformance/00_conformance_suite_test.go:23 @ 06/26/24 15:05:13.45 (0s)&#xA;</system-err>
          </testcase>
          <testcase name="OCI Distribution Conformance Tests Content Discovery Setup Populate registry with test layer" classname="conformance tests" status="passed" time="0.17826823">
              <system-err>&gt; Enter [It] Populate registry with test layer - /home/runner/work/_actions/opencontainers/distribution-spec/main/conformance/03_discovery_test.go:42 @ 06/26/24 15:05:13.45&#xA;&lt; Exit [It] Populate registry with test layer - /home/runner/work/_actions/opencontainers/distribution-spec/main/conformance/03_discovery_test.go:42 @ 06/26/24 15:05:13.629 (178ms)&#xA;&gt; Enter [ReportAfterEach] TOP-LEVEL - /home/runner/work/_actions/opencontainers/distribution-spec/main/conformance/00_conformance_suite_test.go:23 @ 06/26/24 15:05:13.629&#xA;&lt; Exit [ReportAfterEach] TOP-LEVEL - /home/runner/work/_actions/opencontainers/distribution-spec/main/conformance/00_conformance_suite_test.go:23 @ 06/26/24 15:05:13.629 (0s)&#xA;</system-err>
          </testcase>
          <testcase name="OCI Distribution Conformance Tests Content Discovery Setup Populate registry with test tags" classname="conformance tests" status="passed" time="0.896999326">
              <system-err>&gt; Enter [It] Populate registry with test tags - /home/runner/work/_actions/opencontainers/distribution-spec/main/conformance/03_discovery_test.go:60 @ 06/26/24 15:05:13.629&#xA;&lt; Exit [It] Populate registry with test tags - /home/runner/work/_actions/opencontainers/distribution-spec/main/conformance/03_discovery_test.go:60 @ 06/26/24 15:05:14.526 (897ms)&#xA;&gt; Enter [ReportAfterEach] TOP-LEVEL - /home/runner/work/_actions/opencontainers/distribution-spec/main/conformance/00_conformance_suite_test.go:23 @ 06/26/24 15:05:14.526&#xA;&lt; Exit [ReportAfterEach] TOP-LEVEL - /home/runner/work/_actions/opencontainers/distribution-spec/main/conformance/00_conformance_suite_test.go:23 @ 06/26/24 15:05:14.526 (0s)&#xA;</system-err>
          </testcase>
          <testcase name="OCI Distribution Conformance Tests Content Discovery Setup Populate registry with test tags (no push)" classname="conformance tests" status="skipped" time="0.0001759">
              <skipped message="skipped - you have skipped this test."></skipped>
              <system-err>&gt; Enter [It] Populate registry with test tags (no push) - /home/runner/work/_actions/opencontainers/distribution-spec/main/conformance/03_discovery_test.go:82 @ 06/26/24 15:05:14.526&#xA;[SKIPPED] you have skipped this test.&#xA;In [It] at: /home/runner/work/_actions/opencontainers/distribution-spec/main/conformance/setup.go:591 @ 06/26/24 15:05:14.526&#xA;&lt; Exit [It] Populate registry with test tags (no push) - /home/runner/work/_actions/opencontainers/distribution-spec/main/conformance/03_discovery_test.go:82 @ 06/26/24 15:05:14.526 (0s)&#xA;&gt; Enter [ReportAfterEach] TOP-LEVEL - /home/runner/work/_actions/opencontainers/distribution-spec/main/conformance/00_conformance_suite_test.go:23 @ 06/26/24 15:05:14.526&#xA;&lt; Exit [ReportAfterEach] TOP-LEVEL - /home/runner/work/_actions/opencontainers/distribution-spec/main/conformance/00_conformance_suite_test.go:23 @ 06/26/24 15:05:14.526 (0s)&#xA;</system-err>
          </testcase>
          <testcase name="OCI Distribution Conformance Tests Content Discovery Setup References setup" classname="conformance tests" status="passed" time="3.116494183">
              <system-err>&gt; Enter [It] References setup - /home/runner/work/_actions/opencontainers/distribution-spec/main/conformance/03_discovery_test.go:88 @ 06/26/24 15:05:14.526&#xA;&lt; Exit [It] References setup - /home/runner/work/_actions/opencontainers/distribution-spec/main/conformance/03_discovery_test.go:88 @ 06/26/24 15:05:17.643 (3.116s)&#xA;&gt; Enter [ReportAfterEach] TOP-LEVEL - /home/runner/work/_actions/opencontainers/distribution-spec/main/conformance/00_conformance_suite_test.go:23 @ 06/26/24 15:05:17.643&#xA;&lt; Exit [ReportAfterEach] TOP-LEVEL - /home/runner/work/_actions/opencontainers/distribution-spec/main/conformance/00_conformance_suite_test.go:23 @ 06/26/24 15:05:17.643 (1ms)&#xA;</system-err>
          </testcase>
          <testcase name="OCI Distribution Conformance Tests Content Discovery Test content discovery endpoints (listing tags) GET request to list tags should yield 200 response" classname="conformance tests" status="passed" time="0.036310095">
              <system-err>&gt; Enter [It] GET request to list tags should yield 200 response - /home/runner/work/_actions/opencontainers/distribution-spec/main/conformance/03_discovery_test.go:256 @ 06/26/24 15:05:17.643&#xA;&lt; Exit [It] GET request to list tags should yield 200 response - /home/runner/work/_actions/opencontainers/distribution-spec/main/conformance/03_discovery_test.go:256 @ 06/26/24 15:05:17.68 (36ms)&#xA;&gt; Enter [ReportAfterEach] TOP-LEVEL - /home/runner/work/_actions/opencontainers/distribution-spec/main/conformance/00_conformance_suite_test.go:23 @ 06/26/24 15:05:17.68&#xA;&lt; Exit [ReportAfterEach] TOP-LEVEL - /home/runner/work/_actions/opencontainers/distribution-spec/main/conformance/00_conformance_suite_test.go:23 @ 06/26/24 15:05:17.68 (0s)&#xA;</system-err>
          </testcase>
          <testcase name="OCI Distribution Conformance Tests Content Discovery Test content discovery endpoints (listing tags) GET number of tags should be limitable by `n` query parameter" classname="conformance tests" status="passed" time="0.052329043">
              <system-err>&gt; Enter [It] GET number of tags should be limitable by `n` query parameter - /home/runner/work/_actions/opencontainers/distribution-spec/main/conformance/03_discovery_test.go:266 @ 06/26/24 15:05:17.68&#xA;&lt; Exit [It] GET number of tags should be limitable by `n` query parameter - /home/runner/work/_actions/opencontainers/distribution-spec/main/conformance/03_discovery_test.go:266 @ 06/26/24 15:05:17.732 (52ms)&#xA;&gt; Enter [ReportAfterEach] TOP-LEVEL - /home/runner/work/_actions/opencontainers/distribution-spec/main/conformance/00_conformance_suite_test.go:23 @ 06/26/24 15:05:17.732&#xA;&lt; Exit [ReportAfterEach] TOP-LEVEL - /home/runner/work/_actions/opencontainers/distribution-spec/main/conformance/00_conformance_suite_test.go:23 @ 06/26/24 15:05:17.732 (0s)&#xA;</system-err>
          </testcase>
          <testcase name="OCI Distribution Conformance Tests Content Discovery Test content discovery endpoints (listing tags) GET start of tag is set by `last` query parameter" classname="conformance tests" status="passed" time="0.084295685">
              <system-err>&gt; Enter [It] GET start of tag is set by `last` query parameter - /home/runner/work/_actions/opencontainers/distribution-spec/main/conformance/03_discovery_test.go:279 @ 06/26/24 15:05:17.732&#xA;&lt; Exit [It] GET start of tag is set by `last` query parameter - /home/runner/work/_actions/opencontainers/distribution-spec/main/conformance/03_discovery_test.go:279 @ 06/26/24 15:05:17.816 (84ms)&#xA;&gt; Enter [ReportAfterEach] TOP-LEVEL - /home/runner/work/_actions/opencontainers/distribution-spec/main/conformance/00_conformance_suite_test.go:23 @ 06/26/24 15:05:17.817&#xA;&lt; Exit [ReportAfterEach] TOP-LEVEL - /home/runner/work/_actions/opencontainers/distribution-spec/main/conformance/00_conformance_suite_test.go:23 @ 06/26/24 15:05:17.817 (0s)&#xA;</system-err>
          </testcase>
          <testcase name="OCI Distribution Conformance Tests Content Discovery Test content discovery endpoints (listing references) GET request to nonexistent blob should result in empty 200 response" classname="conformance tests" status="passed" time="0.033283911">
              <system-err>&gt; Enter [It] GET request to nonexistent blob should result in empty 200 response - /home/runner/work/_actions/opencontainers/distribution-spec/main/conformance/03_discovery_test.go:300 @ 06/26/24 15:05:17.817&#xA;&lt; Exit [It] GET request to nonexistent blob should result in empty 200 response - /home/runner/work/_actions/opencontainers/distribution-spec/main/conformance/03_discovery_test.go:300 @ 06/26/24 15:05:17.85 (33ms)&#xA;&gt; Enter [ReportAfterEach] TOP-LEVEL - /home/runner/work/_actions/opencontainers/distribution-spec/main/conformance/00_conformance_suite_test.go:23 @ 06/26/24 15:05:17.85&#xA;&lt; Exit [ReportAfterEach] TOP-LEVEL - /home/runner/work/_actions/opencontainers/distribution-spec/main/conformance/00_conformance_suite_test.go:23 @ 06/26/24 15:05:17.85 (0s)&#xA;</system-err>
          </testcase>
          <testcase name="OCI Distribution Conformance Tests Content Discovery Test content discovery endpoints (listing references) GET request to existing blob should yield 200" classname="conformance tests" status="passed" time="0.034212872">
              <system-err>&gt; Enter [It] GET request to existing blob should yield 200 - /home/runner/work/_actions/opencontainers/distribution-spec/main/conformance/03_discovery_test.go:315 @ 06/26/24 15:05:17.85&#xA;&lt; Exit [It] GET request to existing blob should yield 200 - /home/runner/work/_actions/opencontainers/distribution-spec/main/conformance/03_discovery_test.go:315 @ 06/26/24 15:05:17.884 (34ms)&#xA;&gt; Enter [ReportAfterEach] TOP-LEVEL - /home/runner/work/_actions/opencontainers/distribution-spec/main/conformance/00_conformance_suite_test.go:23 @ 06/26/24 15:05:17.884&#xA;&lt; Exit [ReportAfterEach] TOP-LEVEL - /home/runner/work/_actions/opencontainers/distribution-spec/main/conformance/00_conformance_suite_test.go:23 @ 06/26/24 15:05:17.884 (0s)&#xA;</system-err>
          </testcase>
          <testcase name="OCI Distribution Conformance Tests Content Discovery Test content discovery endpoints (listing references) GET request to existing blob with filter should yield 200" classname="conformance tests" status="passed" time="0.037688267">
              <system-err>&gt; Enter [It] GET request to existing blob with filter should yield 200 - /home/runner/work/_actions/opencontainers/distribution-spec/main/conformance/03_discovery_test.go:335 @ 06/26/24 15:05:17.884&#xA;&lt; Exit [It] GET request to existing blob with filter should yield 200 - /home/runner/work/_actions/opencontainers/distribution-spec/main/conformance/03_discovery_test.go:335 @ 06/26/24 15:05:17.922 (38ms)&#xA;&gt; Enter [ReportAfterEach] TOP-LEVEL - /home/runner/work/_actions/opencontainers/distribution-spec/main/conformance/00_conformance_suite_test.go:23 @ 06/26/24 15:05:17.922&#xA;&lt; Exit [ReportAfterEach] TOP-LEVEL - /home/runner/work/_actions/opencontainers/distribution-spec/main/conformance/00_conformance_suite_test.go:23 @ 06/26/24 15:05:17.922 (0s)&#xA;</system-err>
          </testcase>
          <testcase name="OCI Distribution Conformance Tests Content Discovery Test content discovery endpoints (listing references) GET request to missing manifest should yield 200" classname="conformance tests" status="passed" time="0.041894574">
              <system-err>&gt; Enter [It] GET request to missing manifest should yield 200 - /home/runner/work/_actions/opencontainers/distribution-spec/main/conformance/03_discovery_test.go:367 @ 06/26/24 15:05:17.922&#xA;&lt; Exit [It] GET request to missing manifest should yield 200 - /home/runner/work/_actions/opencontainers/distribution-spec/main/conformance/03_discovery_test.go:367 @ 06/26/24 15:05:17.964 (42ms)&#xA;&gt; Enter [ReportAfterEach] TOP-LEVEL - /home/runner/work/_actions/opencontainers/distribution-spec/main/conformance/00_conformance_suite_test.go:23 @ 06/26/24 15:05:17.964&#xA;&lt; Exit [ReportAfterEach] TOP-LEVEL - /home/runner/work/_actions/opencontainers/distribution-spec/main/conformance/00_conformance_suite_test.go:23 @ 06/26/24 15:05:17.964 (0s)&#xA;</system-err>
          </testcase>
          <testcase name="OCI Distribution Conformance Tests Content Discovery Teardown Delete created manifest &amp; associated tags" classname="conformance tests" status="passed" time="1.693700762">
              <system-err>&gt; Enter [It] Delete created manifest &amp; associated tags - /home/runner/work/_actions/opencontainers/distribution-spec/main/conformance/03_discovery_test.go:386 @ 06/26/24 15:05:17.964&#xA;&lt; Exit [It] Delete created manifest &amp; associated tags - /home/runner/work/_actions/opencontainers/distribution-spec/main/conformance/03_discovery_test.go:386 @ 06/26/24 15:05:19.658 (1.694s)&#xA;&gt; Enter [ReportAfterEach] TOP-LEVEL - /home/runner/work/_actions/opencontainers/distribution-spec/main/conformance/00_conformance_suite_test.go:23 @ 06/26/24 15:05:19.658&#xA;&lt; Exit [ReportAfterEach] TOP-LEVEL - /home/runner/work/_actions/opencontainers/distribution-spec/main/conformance/00_conformance_suite_test.go:23 @ 06/26/24 15:05:19.658 (0s)&#xA;</system-err>
          </testcase>
          <testcase name="OCI Distribution Conformance Tests Content Discovery Teardown Delete config blob created in tests" classname="conformance tests" status="passed" time="0.09675478">
              <system-err>&gt; Enter [It] Delete config blob created in tests - /home/runner/work/_actions/opencontainers/distribution-spec/main/conformance/03_discovery_test.go:415 @ 06/26/24 15:05:19.658&#xA;&lt; Exit [It] Delete config blob created in tests - /home/runner/work/_actions/opencontainers/distribution-spec/main/conformance/03_discovery_test.go:415 @ 06/26/24 15:05:19.755 (97ms)&#xA;&gt; Enter [ReportAfterEach] TOP-LEVEL - /home/runner/work/_actions/opencontainers/distribution-spec/main/conformance/00_conformance_suite_test.go:23 @ 06/26/24 15:05:19.755&#xA;&lt; Exit [ReportAfterEach] TOP-LEVEL - /home/runner/work/_actions/opencontainers/distribution-spec/main/conformance/00_conformance_suite_test.go:23 @ 06/26/24 15:05:19.755 (0s)&#xA;</system-err>
          </testcase>
          <testcase name="OCI Distribution Conformance Tests Content Discovery Teardown Delete layer blob created in setup" classname="conformance tests" status="passed" time="0.064358302">
              <system-err>&gt; Enter [It] Delete layer blob created in setup - /home/runner/work/_actions/opencontainers/distribution-spec/main/conformance/03_discovery_test.go:430 @ 06/26/24 15:05:19.755&#xA;&lt; Exit [It] Delete layer blob created in setup - /home/runner/work/_actions/opencontainers/distribution-spec/main/conformance/03_discovery_test.go:430 @ 06/26/24 15:05:19.819 (64ms)&#xA;&gt; Enter [ReportAfterEach] TOP-LEVEL - /home/runner/work/_actions/opencontainers/distribution-spec/main/conformance/00_conformance_suite_test.go:23 @ 06/26/24 15:05:19.819&#xA;&lt; Exit [ReportAfterEach] TOP-LEVEL - /home/runner/work/_actions/opencontainers/distribution-spec/main/conformance/00_conformance_suite_test.go:23 @ 06/26/24 15:05:19.819 (0s)&#xA;</system-err>
          </testcase>
          <testcase name="OCI Distribution Conformance Tests Content Discovery Teardown References teardown" classname="conformance tests" status="passed" time="0.540170052">
              <system-err>&gt; Enter [It] References teardown - /home/runner/work/_actions/opencontainers/distribution-spec/main/conformance/03_discovery_test.go:475 @ 06/26/24 15:05:19.819&#xA;&lt; Exit [It] References teardown - /home/runner/work/_actions/opencontainers/distribution-spec/main/conformance/03_discovery_test.go:475 @ 06/26/24 15:05:20.359 (540ms)&#xA;&gt; Enter [ReportAfterEach] TOP-LEVEL - /home/runner/work/_actions/opencontainers/distribution-spec/main/conformance/00_conformance_suite_test.go:23 @ 06/26/24 15:05:20.359&#xA;&lt; Exit [ReportAfterEach] TOP-LEVEL - /home/runner/work/_actions/opencontainers/distribution-spec/main/conformance/00_conformance_suite_test.go:23 @ 06/26/24 15:05:20.359 (0s)&#xA;</system-err>
          </testcase>
          <testcase name="OCI Distribution Conformance Tests Content Management Setup Populate registry with test config blob" classname="conformance tests" status="passed" time="0.19742568">
              <system-err>&gt; Enter [It] Populate registry with test config blob - /home/runner/work/_actions/opencontainers/distribution-spec/main/conformance/04_management_test.go:21 @ 06/26/24 15:05:20.359&#xA;&lt; Exit [It] Populate registry with test config blob - /home/runner/work/_actions/opencontainers/distribution-spec/main/conformance/04_management_test.go:21 @ 06/26/24 15:05:20.557 (197ms)&#xA;&gt; Enter [ReportAfterEach] TOP-LEVEL - /home/runner/work/_actions/opencontainers/distribution-spec/main/conformance/00_conformance_suite_test.go:23 @ 06/26/24 15:05:20.557&#xA;&lt; Exit [ReportAfterEach] TOP-LEVEL - /home/runner/work/_actions/opencontainers/distribution-spec/main/conformance/00_conformance_suite_test.go:23 @ 06/26/24 15:05:20.557 (0s)&#xA;</system-err>
          </testcase>
          <testcase name="OCI Distribution Conformance Tests Content Management Setup Populate registry with test layer" classname="conformance tests" status="passed" time="0.147311069">
              <system-err>&gt; Enter [It] Populate registry with test layer - /home/runner/work/_actions/opencontainers/distribution-spec/main/conformance/04_management_test.go:39 @ 06/26/24 15:05:20.557&#xA;&lt; Exit [It] Populate registry with test layer - /home/runner/work/_actions/opencontainers/distribution-spec/main/conformance/04_management_test.go:39 @ 06/26/24 15:05:20.704 (147ms)&#xA;&gt; Enter [ReportAfterEach] TOP-LEVEL - /home/runner/work/_actions/opencontainers/distribution-spec/main/conformance/00_conformance_suite_test.go:23 @ 06/26/24 15:05:20.704&#xA;&lt; Exit [ReportAfterEach] TOP-LEVEL - /home/runner/work/_actions/opencontainers/distribution-spec/main/conformance/00_conformance_suite_test.go:23 @ 06/26/24 15:05:20.704 (0s)&#xA;</system-err>
          </testcase>
          <testcase name="OCI Distribution Conformance Tests Content Management Setup Populate registry with test tag" classname="conformance tests" status="passed" time="0.22150203">
              <system-err>&gt; Enter [It] Populate registry with test tag - /home/runner/work/_actions/opencontainers/distribution-spec/main/conformance/04_management_test.go:57 @ 06/26/24 15:05:20.704&#xA;&lt; Exit [It] Populate registry with test tag - /home/runner/work/_actions/opencontainers/distribution-spec/main/conformance/04_management_test.go:57 @ 06/26/24 15:05:20.926 (221ms)&#xA;&gt; Enter [ReportAfterEach] TOP-LEVEL - /home/runner/work/_actions/opencontainers/distribution-spec/main/conformance/00_conformance_suite_test.go:23 @ 06/26/24 15:05:20.926&#xA;&lt; Exit [ReportAfterEach] TOP-LEVEL - /home/runner/work/_actions/opencontainers/distribution-spec/main/conformance/00_conformance_suite_test.go:23 @ 06/26/24 15:05:20.926 (0s)&#xA;</system-err>
          </testcase>
          <testcase name="OCI Distribution Conformance Tests Content Management Setup Check how many tags there are before anything gets deleted" classname="conformance tests" status="passed" time="0.036704354">
              <system-err>&gt; Enter [It] Check how many tags there are before anything gets deleted - /home/runner/work/_actions/opencontainers/distribution-spec/main/conformance/04_management_test.go:72 @ 06/26/24 15:05:20.926&#xA;&lt; Exit [It] Check how many tags there are before anything gets deleted - /home/runner/work/_actions/opencontainers/distribution-spec/main/conformance/04_management_test.go:72 @ 06/26/24 15:05:20.962 (37ms)&#xA;&gt; Enter [ReportAfterEach] TOP-LEVEL - /home/runner/work/_actions/opencontainers/distribution-spec/main/conformance/00_conformance_suite_test.go:23 @ 06/26/24 15:05:20.962&#xA;&lt; Exit [ReportAfterEach] TOP-LEVEL - /home/runner/work/_actions/opencontainers/distribution-spec/main/conformance/00_conformance_suite_test.go:23 @ 06/26/24 15:05:20.963 (0s)&#xA;</system-err>
          </testcase>
          <testcase name="OCI Distribution Conformance Tests Content Management Manifest delete DELETE request to manifest tag should return 202, unless tag deletion is disallowed (400/405)" classname="conformance tests" status="passed" time="0.057960538">
              <system-err>&gt; Enter [It] DELETE request to manifest tag should return 202, unless tag deletion is disallowed (400/405) - /home/runner/work/_actions/opencontainers/distribution-spec/main/conformance/04_management_test.go:88 @ 06/26/24 15:05:20.963&#xA;&lt; Exit [It] DELETE request to manifest tag should return 202, unless tag deletion is disallowed (400/405) - /home/runner/work/_actions/opencontainers/distribution-spec/main/conformance/04_management_test.go:88 @ 06/26/24 15:05:21.021 (58ms)&#xA;&gt; Enter [ReportAfterEach] TOP-LEVEL - /home/runner/work/_actions/opencontainers/distribution-spec/main/conformance/00_conformance_suite_test.go:23 @ 06/26/24 15:05:21.021&#xA;&lt; Exit [ReportAfterEach] TOP-LEVEL - /home/runner/work/_actions/opencontainers/distribution-spec/main/conformance/00_conformance_suite_test.go:23 @ 06/26/24 15:05:21.021 (0s)&#xA;</system-err>
          </testcase>
          <testcase name="OCI Distribution Conformance Tests Content Management Manifest delete DELETE request to manifest (digest) should yield 202 response unless already deleted" classname="conformance tests" status="passed" time="0.239035038">
              <system-err>&gt; Enter [It] DELETE request to manifest (digest) should yield 202 response unless already deleted - /home/runner/work/_actions/opencontainers/distribution-spec/main/conformance/04_management_test.go:106 @ 06/26/24 15:05:21.021&#xA;&lt; Exit [It] DELETE request to manifest (digest) should yield 202 response unless already deleted - /home/runner/work/_actions/opencontainers/distribution-spec/main/conformance/04_management_test.go:106 @ 06/26/24 15:05:21.26 (239ms)&#xA;&gt; Enter [ReportAfterEach] TOP-LEVEL - /home/runner/work/_actions/opencontainers/distribution-spec/main/conformance/00_conformance_suite_test.go:23 @ 06/26/24 15:05:21.26&#xA;&lt; Exit [ReportAfterEach] TOP-LEVEL - /home/runner/work/_actions/opencontainers/distribution-spec/main/conformance/00_conformance_suite_test.go:23 @ 06/26/24 15:05:21.26 (0s)&#xA;</system-err>
          </testcase>
          <testcase name="OCI Distribution Conformance Tests Content Management Manifest delete GET request to deleted manifest URL should yield 404 response, unless delete is disallowed" classname="conformance tests" status="passed" time="0.065116233">
              <system-err>&gt; Enter [It] GET request to deleted manifest URL should yield 404 response, unless delete is disallowed - /home/runner/work/_actions/opencontainers/distribution-spec/main/conformance/04_management_test.go:118 @ 06/26/24 15:05:21.26&#xA;&lt; Exit [It] GET request to deleted manifest URL should yield 404 response, unless delete is disallowed - /home/runner/work/_actions/opencontainers/distribution-spec/main/conformance/04_management_test.go:118 @ 06/26/24 15:05:21.325 (65ms)&#xA;&gt; Enter [ReportAfterEach] TOP-LEVEL - /home/runner/work/_actions/opencontainers/distribution-spec/main/conformance/00_conformance_suite_test.go:23 @ 06/26/24 15:05:21.325&#xA;&lt; Exit [ReportAfterEach] TOP-LEVEL - /home/runner/work/_actions/opencontainers/distribution-spec/main/conformance/00_conformance_suite_test.go:23 @ 06/26/24 15:05:21.325 (0s)&#xA;</system-err>
          </testcase>
          <testcase name="OCI Distribution Conformance Tests Content Management Manifest delete GET request to tags list should reflect manifest deletion" classname="conformance tests" status="passed" time="0.035575236">
              <system-err>&gt; Enter [It] GET request to tags list should reflect manifest deletion - /home/runner/work/_actions/opencontainers/distribution-spec/main/conformance/04_management_test.go:129 @ 06/26/24 15:05:21.325&#xA;&lt; Exit [It] GET request to tags list should reflect manifest deletion - /home/runner/work/_actions/opencontainers/distribution-spec/main/conformance/04_management_test.go:129 @ 06/26/24 15:05:21.361 (36ms)&#xA;&gt; Enter [ReportAfterEach] TOP-LEVEL - /home/runner/work/_actions/opencontainers/distribution-spec/main/conformance/00_conformance_suite_test.go:23 @ 06/26/24 15:05:21.361&#xA;&lt; Exit [ReportAfterEach] TOP-LEVEL - /home/runner/work/_actions/opencontainers/distribution-spec/main/conformance/00_conformance_suite_test.go:23 @ 06/26/24 15:05:21.361 (0s)&#xA;</system-err>
          </testcase>
          <testcase name="OCI Distribution Conformance Tests Content Management Blob delete DELETE request to blob URL should yield 202 response" classname="conformance tests" status="passed" time="0.122716466">
              <system-err>&gt; Enter [It] DELETE request to blob URL should yield 202 response - /home/runner/work/_actions/opencontainers/distribution-spec/main/conformance/04_management_test.go:153 @ 06/26/24 15:05:21.361&#xA;&lt; Exit [It] DELETE request to blob URL should yield 202 response - /home/runner/work/_actions/opencontainers/distribution-spec/main/conformance/04_management_test.go:153 @ 06/26/24 15:05:21.484 (123ms)&#xA;&gt; Enter [ReportAfterEach] TOP-LEVEL - /home/runner/work/_actions/opencontainers/distribution-spec/main/conformance/00_conformance_suite_test.go:23 @ 06/26/24 15:05:21.484&#xA;&lt; Exit [ReportAfterEach] TOP-LEVEL - /home/runner/work/_actions/opencontainers/distribution-spec/main/conformance/00_conformance_suite_test.go:23 @ 06/26/24 15:05:21.484 (0s)&#xA;</system-err>
          </testcase>
          <testcase name="OCI Distribution Conformance Tests Content Management Blob delete GET request to deleted blob URL should yield 404 response" classname="conformance tests" status="passed" time="0.048127036">
              <system-err>&gt; Enter [It] GET request to deleted blob URL should yield 404 response - /home/runner/work/_actions/opencontainers/distribution-spec/main/conformance/04_management_test.go:180 @ 06/26/24 15:05:21.484&#xA;&lt; Exit [It] GET request to deleted blob URL should yield 404 response - /home/runner/work/_actions/opencontainers/distribution-spec/main/conformance/04_management_test.go:180 @ 06/26/24 15:05:21.532 (48ms)&#xA;&gt; Enter [ReportAfterEach] TOP-LEVEL - /home/runner/work/_actions/opencontainers/distribution-spec/main/conformance/00_conformance_suite_test.go:23 @ 06/26/24 15:05:21.532&#xA;&lt; Exit [ReportAfterEach] TOP-LEVEL - /home/runner/work/_actions/opencontainers/distribution-spec/main/conformance/00_conformance_suite_test.go:23 @ 06/26/24 15:05:21.532 (0s)&#xA;</system-err>
          </testcase>
          <testcase name="html custom reporter" classname="conformance tests" status="passed" time="0.0114378">
              <system-err>&gt; Enter [ReportAfterSuite] TOP-LEVEL - /home/runner/work/_actions/opencontainers/distribution-spec/main/conformance/00_conformance_suite_test.go:24 @ 06/26/24 15:05:21.532&#xA;&lt; Exit [ReportAfterSuite] TOP-LEVEL - /home/runner/work/_actions/opencontainers/distribution-spec/main/conformance/00_conformance_suite_test.go:24 @ 06/26/24 15:05:21.543 (11ms)&#xA;</system-err>
          </testcase>
      </testsuite>
  </testsuites>